#
# A fatal error has been detected by the Java Runtime Environment:
#
#  EXCEPTION_ACCESS_VIOLATION (0xc0000005) at pc=0x00007fff6a972bb7, pid=1440, tid=3436
#
# JRE version: Java(TM) SE Runtime Environment 18.9 (11.0.14+8) (build 11.0.14+8-LTS-263)
# Java VM: Java HotSpot(TM) 64-Bit Server VM 18.9 (11.0.14+8-LTS-263, mixed mode, tiered, compressed oops, g1 gc, windows-amd64)
# Problematic frame:
# V  [jvm.dll+0x362bb7]
#
# No core dump will be written. Minidumps are not enabled by default on client versions of Windows
#
# If you would like to submit a bug report, please visit:
#   https://bugreport.java.com/bugreport/crash.jsp
#

---------------  S U M M A R Y ------------

Command Line: -XX:TieredStopAtLevel=1 -Xverify:none -Dspring.output.ansi.enabled=always -Dcom.sun.management.jmxremote -Dspring.jmx.enabled=true -Dspring.liveBeansView.mbeanDomain -Dspring.application.admin.enabled=true -javaagent:C:\Program Files\JetBrains\IntelliJ IDEA 2020.1.1\lib\idea_rt.jar=57359:C:\Program Files\JetBrains\IntelliJ IDEA 2020.1.1\bin -Dfile.encoding=UTF-8 com.example.demo.DemoApplication

Host: Intel(R) Core(TM) i3-7020U CPU @ 2.30GHz, 4 cores, 3G,  Windows 10 , 64 bit Build 18362 (10.0.18362.329)
Time: Sun Mar 27 08:43:14 2022 West Asia Standard Time elapsed time: 38.338674 seconds (0d 0h 0m 38s)

---------------  T H R E A D  ---------------

Current thread (0x0000021afe100000):  JavaThread "JMX server connection timeout 104" daemon [_thread_in_vm, id=3436, stack(0x000000dcc2d00000,0x000000dcc2e00000)]

Stack: [0x000000dcc2d00000,0x000000dcc2e00000],  sp=0x000000dcc2dff4c0,  free space=1021k
Native frames: (J=compiled Java code, j=interpreted, Vv=VM code, C=native code)
V  [jvm.dll+0x362bb7]
V  [jvm.dll+0x629602]
V  [jvm.dll+0x36367a]
V  [jvm.dll+0x363907]
V  [jvm.dll+0x3dc9f1]
V  [jvm.dll+0x729170]
V  [jvm.dll+0x721d44]
