#
# There is insufficient memory for the Java Runtime Environment to continue.
# Native memory allocation (malloc) failed to allocate 32744 bytes for ChunkPool::allocate
# Possible reasons:
#   The system is out of physical RAM or swap space
#   The process is running with CompressedOops enabled, and the Java Heap may be blocking the growth of the native heap
# Possible solutions:
#   Reduce memory load on the system
#   Increase physical memory or swap space
#   Check if swap backing store is full
#   Decrease Java heap size (-Xmx/-Xms)
#   Decrease number of Java threads
#   Decrease Java thread stack sizes (-Xss)
#   Set larger code cache with -XX:ReservedCodeCacheSize=
#   JVM is running with Unscaled Compressed Oops mode in which the Java heap is
#     placed in the first 4GB address space. The Java Heap base address is the
#     maximum limit for the native heap growth. Please use -XX:HeapBaseMinAddress
#     to set the Java Heap base and to place the Java Heap above 4GB virtual address.
# This output file may be truncated or incomplete.
#
#  Out of Memory Error (./open/src/hotspot/share/memory/arena.cpp:81), pid=9228, tid=9440
#
# JRE version: Java(TM) SE Runtime Environment 18.9 (11.0.14+8) (build 11.0.14+8-LTS-263)
# Java VM: Java HotSpot(TM) 64-Bit Server VM 18.9 (11.0.14+8-LTS-263, mixed mode, tiered, compressed oops, g1 gc, windows-amd64)
# No core dump will be written. Minidumps are not enabled by default on client versions of Windows
#

---------------  S U M M A R Y ------------

Command Line: -Dorg.gradle.internal.worker.tmpdir=C:\Users\Vismut\IdeaProjects\demo\build\tmp\test\work -Dorg.gradle.native=false --add-opens=java.base/java.util=ALL-UNNAMED --add-opens=java.base/java.lang=ALL-UNNAMED -Xmx512m -Dfile.encoding=windows-1251 -Duser.country=GB -Duser.language=en -Duser.variant -ea worker.org.gradle.process.internal.worker.GradleWorkerMain 'Gradle Test Executor 1'

Host: Intel(R) Core(TM) i3-7020U CPU @ 2.30GHz, 4 cores, 3G,  Windows 10 , 64 bit Build 18362 (10.0.18362.329)
Time: Sun Mar 13 21:03:08 2022 AUS Eastern Summer Time elapsed time: 14.565794 seconds (0d 0h 0m 14s)

---------------  T H R E A D  ---------------

Current thread (0x000001f4de27b000):  JavaThread "background-preinit" [_thread_in_vm, id=9440, stack(0x0000005e1ef00000,0x0000005e1f000000)]

Stack: [0x0000005e1ef00000,0x0000005e1f000000]
Native frames: (J=compiled Java code, j=interpreted, Vv=VM code, C=native code)
V  [jvm.dll+0x6296da]
V  [jvm.dll+0x76323f]
V  [jvm.dll+0x7648e9]
V  [jvm.dll+0x764f73]
V  [jvm.dll+0x23d7c8]
V  [jvm.dll+0xb2bdb]
V  [jvm.dll+0xb2f3c]
V  [jvm.dll+0x759625]
V  [jvm.dll+0x759d8f]
V  [jvm.dll+0x75908b]
V  [jvm.dll+0xff9a8]
V  [jvm.dll+0x100cef]
V  [jvm.dll+0x1004dd]
V  [jvm.dll+0x6f6e32]
V  [jvm.dll+0x3efc0d]
C  0x000001f4d1f65b20

Java frames: (J=compiled Java code, j=interpreted, Vv=VM code)
J 94  java.lang.Object.hashCode()I java.base@11.0.14 (0 bytes) @ 0x000001f4d1f65a88 [0x000001f4d1f65a20+0x0000000000000068]
J 1964 c2 java.util.HashMap.hash(Ljava/lang/Object;)I java.base@11.0.14 (20 bytes) @ 0x000001f4d2017208 [0x000001f4d2017180+0x0000000000000088]
j  java.util.HashMap.remove(Ljava/lang/Object;)Ljava/lang/Object;+2 java.base@11.0.14
j  sun.net.www.protocol.jar.JarFileFactory.close(Ljava/util/jar/JarFile;)V+10 java.base@11.0.14
j  sun.net.www.protocol.jar.URLJarFile.close()V+12 java.base@11.0.14
j  sun.net.www.protocol.jar.JarURLConnection$JarURLInputStream.close()V+21 java.base@11.0.14
j  sun.nio.cs.StreamDecoder.implClose()V+23 java.base@11.0.14
j  sun.nio.cs.StreamDecoder.close()V+18 java.base@11.0.14
j  java.io.InputStreamReader.close()V+4 java.base@11.0.14
j  java.io.BufferedReader.close()V+21 java.base@11.0.14
j  java.util.ServiceLoader$LazyClassPathLookupIterator.parse(Ljava/net/URL;)Ljava/util/Iterator;+69 java.base@11.0.14
j  java.util.ServiceLoader$LazyClassPathLookupIterator.nextProviderClass()Ljava/lang/Class;+176 java.base@11.0.14
j  java.util.ServiceLoader$LazyClassPathLookupIterator.hasNextService()Z+15 java.base@11.0.14
j  java.util.ServiceLoader$LazyClassPathLookupIterator.hasNext()Z+11 java.base@11.0.14
j  java.util.ServiceLoader$2.hasNext()Z+16 java.base@11.0.14
j  java.util.ServiceLoader$3.hasNext()Z+32 java.base@11.0.14
j  javax.validation.Validation$GetValidationProviderListAction.loadProviders(Ljava/lang/ClassLoader;)Ljava/util/List;+22
j  javax.validation.Validation$GetValidationProviderListAction.run()Ljava/util/List;+21
j  javax.validation.Validation$GetValidationProviderListAction.getValidationProviderList()Ljava/util/List;+19
j  javax.validation.Validation$DefaultValidationProviderResolver.getValidationProviders()Ljava/util/List;+0
j  javax.validation.Validation$GenericBootstrapImpl.configure()Ljavax/validation/Configuration;+20
j  org.springframework.boot.autoconfigure.BackgroundPreinitializer$ValidationInitializer.run()V+3
j  org.springframework.boot.autoconfigure.BackgroundPreinitializer$1.runSafely(Ljava/lang/Runnable;)V+1
j  org.springframework.boot.autoconfigure.BackgroundPreinitializer$1.run()V+21
j  java.lang.Thread.run()V+11 java.base@11.0.14
v  ~StubRoutines::call_stub

---------------  P R O C E S S  ---------------

Threads class SMR info:
_java_thread_list=0x000001f4df729cc0, length=14, elements={
0x000001f4c1689800, 0x000001f4ddb93800, 0x000001f4ddb9c800, 0x000001f4ddbf3000,
0x000001f4ddbf4000, 0x000001f4ddbf5000, 0x000001f4ddbfe800, 0x000001f4ddc02000,
0x000001f4ddc07000, 0x000001f4dde67800, 0x000001f4de78e800, 0x000001f4de793800,
0x000001f4de794000, 0x000001f4de27b000
}

Java Threads: ( => current thread )
  0x000001f4c1689800 JavaThread "Test worker" [_thread_in_vm, id=8316, stack(0x0000005e1d600000,0x0000005e1d700000)]
  0x000001f4ddb93800 JavaThread "Reference Handler" daemon [_thread_blocked, id=10760, stack(0x0000005e1dd00000,0x0000005e1de00000)]
  0x000001f4ddb9c800 JavaThread "Finalizer" daemon [_thread_blocked, id=12280, stack(0x0000005e1de00000,0x0000005e1df00000)]
  0x000001f4ddbf3000 JavaThread "Signal Dispatcher" daemon [_thread_blocked, id=11772, stack(0x0000005e1df00000,0x0000005e1e000000)]
  0x000001f4ddbf4000 JavaThread "Attach Listener" daemon [_thread_blocked, id=10504, stack(0x0000005e1e000000,0x0000005e1e100000)]
  0x000001f4ddbf5000 JavaThread "Service Thread" daemon [_thread_blocked, id=11864, stack(0x0000005e1e100000,0x0000005e1e200000)]
  0x000001f4ddbfe800 JavaThread "C2 CompilerThread0" daemon [_thread_in_native, id=7640, stack(0x0000005e1e200000,0x0000005e1e300000)]
  0x000001f4ddc02000 JavaThread "C1 CompilerThread0" daemon [_thread_blocked, id=10704, stack(0x0000005e1e300000,0x0000005e1e400000)]
  0x000001f4ddc07000 JavaThread "Sweeper thread" daemon [_thread_blocked, id=7368, stack(0x0000005e1e400000,0x0000005e1e500000)]
  0x000001f4dde67800 JavaThread "Common-Cleaner" daemon [_thread_blocked, id=9408, stack(0x0000005e1e500000,0x0000005e1e600000)]
  0x000001f4de78e800 JavaThread "/127.0.0.1:51424 to /127.0.0.1:51393 workers" [_thread_blocked, id=12028, stack(0x0000005e1ea00000,0x0000005e1eb00000)]
  0x000001f4de793800 JavaThread "/127.0.0.1:51424 to /127.0.0.1:51393 workers Thread 2" [_thread_blocked, id=10908, stack(0x0000005e1ed00000,0x0000005e1ee00000)]
  0x000001f4de794000 JavaThread "/127.0.0.1:51424 to /127.0.0.1:51393 workers Thread 3" [_thread_in_native, id=10988, stack(0x0000005e1ee00000,0x0000005e1ef00000)]
=>0x000001f4de27b000 JavaThread "background-preinit" [_thread_in_vm, id=9440, stack(0x0000005e1ef00000,0x0000005e1f000000)]

Other Threads:
  0x000001f4ddb6a000 VMThread "VM Thread" [stack: 0x0000005e1dc00000,0x0000005e1dd00000] [id=7188]
  0x000001f4ddee1000 WatcherThread [stack: 0x0000005e1e600000,0x0000005e1e700000] [id=10592]
  0x000001f4c169e800 GCTaskThread "GC Thread#0" [stack: 0x0000005e1d700000,0x0000005e1d800000] [id=10412]
  0x000001f4de6ce800 GCTaskThread "GC Thread#1" [stack: 0x0000005e1e700000,0x0000005e1e800000] [id=12184]
  0x000001f4de7b6000 GCTaskThread "GC Thread#2" [stack: 0x0000005e1eb00000,0x0000005e1ec00000] [id=9528]
  0x000001f4de825800 GCTaskThread "GC Thread#3" [stack: 0x0000005e1ec00000,0x0000005e1ed00000] [id=12204]
  0x000001f4c16ab000 ConcurrentGCThread "G1 Main Marker" [stack: 0x0000005e1d800000,0x0000005e1d900000] [id=10188]
  0x000001f4c16ad800 ConcurrentGCThread "G1 Conc#0" [stack: 0x0000005e1d900000,0x0000005e1da00000] [id=9968]
  0x000001f4c1703000 ConcurrentGCThread "G1 Refine#0" [stack: 0x0000005e1da00000,0x0000005e1db00000] [id=9940]
  0x000001f4de14e000 ConcurrentGCThread "G1 Refine#1" [stack: 0x0000005e1e800000,0x0000005e1e900000] [id=11324]
  0x000001f4c1705000 ConcurrentGCThread "G1 Young RemSet Sampling" [stack: 0x0000005e1db00000,0x0000005e1dc00000] [id=2024]

Threads with active compile tasks:
C2 CompilerThread0  14719 2077       4       java.lang.invoke.LambdaForm$Name::replaceNames (174 bytes)

VM state:not at safepoint (normal execution)

VM Mutex/Monitor currently owned by a thread: None

Heap address: 0x00000000e0000000, size: 512 MB, Compressed Oops mode: 32-bit
Narrow klass base: 0x0000000000000000, Narrow klass shift: 3
Compressed class space size: 1073741824 Address: 0x0000000100000000

Heap:
 garbage-first heap   total 65536K, used 29669K [0x00000000e0000000, 0x0000000100000000)
  region size 1024K, 22 young (22528K), 2 survivors (2048K)
 Metaspace       used 23393K, capacity 24236K, committed 24368K, reserved 1071104K
  class space    used 2819K, capacity 3196K, committed 3200K, reserved 1048576K
Heap Regions: E=young(eden), S=young(survivor), O=old, HS=humongous(starts), HC=humongous(continues), CS=collection set, F=free, A=archive, TAMS=top-at-mark-start (previous, next)
|   0|0x00000000e0000000, 0x00000000e0100000, 0x00000000e0100000|100%|HS|  |TAMS 0x00000000e0100000, 0x00000000e0000000| Complete 
|   1|0x00000000e0100000, 0x00000000e0200000, 0x00000000e0200000|100%| O|  |TAMS 0x00000000e0200000, 0x00000000e0100000| Untracked 
|   2|0x00000000e0200000, 0x00000000e0300000, 0x00000000e0300000|100%| O|  |TAMS 0x00000000e0300000, 0x00000000e0200000| Untracked 
|   3|0x00000000e0300000, 0x00000000e0400000, 0x00000000e0400000|100%| O|  |TAMS 0x00000000e0400000, 0x00000000e0300000| Untracked 
|   4|0x00000000e0400000, 0x00000000e0500000, 0x00000000e0500000|100%| O|  |TAMS 0x00000000e0500000, 0x00000000e0400000| Untracked 
|   5|0x00000000e0500000, 0x00000000e0600000, 0x00000000e0600000|100%| O|  |TAMS 0x00000000e0600000, 0x00000000e0500000| Untracked 
|   6|0x00000000e0600000, 0x00000000e0700000, 0x00000000e0700000|100%| O|  |TAMS 0x00000000e0700000, 0x00000000e0600000| Untracked 
|   7|0x00000000e0700000, 0x00000000e07f9600, 0x00000000e0800000| 97%| O|  |TAMS 0x00000000e07f9600, 0x00000000e0700000| Untracked 
|   8|0x00000000e0800000, 0x00000000e0800000, 0x00000000e0900000|  0%| F|  |TAMS 0x00000000e0800000, 0x00000000e0800000| Untracked 
|   9|0x00000000e0900000, 0x00000000e0900000, 0x00000000e0a00000|  0%| F|  |TAMS 0x00000000e0900000, 0x00000000e0900000| Untracked 
|  10|0x00000000e0a00000, 0x00000000e0a00000, 0x00000000e0b00000|  0%| F|  |TAMS 0x00000000e0a00000, 0x00000000e0a00000| Untracked 
|  11|0x00000000e0b00000, 0x00000000e0b00000, 0x00000000e0c00000|  0%| F|  |TAMS 0x00000000e0b00000, 0x00000000e0b00000| Untracked 
|  12|0x00000000e0c00000, 0x00000000e0c00000, 0x00000000e0d00000|  0%| F|  |TAMS 0x00000000e0c00000, 0x00000000e0c00000| Untracked 
|  13|0x00000000e0d00000, 0x00000000e0d00000, 0x00000000e0e00000|  0%| F|  |TAMS 0x00000000e0d00000, 0x00000000e0d00000| Untracked 
|  14|0x00000000e0e00000, 0x00000000e0e00000, 0x00000000e0f00000|  0%| F|  |TAMS 0x00000000e0e00000, 0x00000000e0e00000| Untracked 
|  15|0x00000000e0f00000, 0x00000000e0f00000, 0x00000000e1000000|  0%| F|  |TAMS 0x00000000e0f00000, 0x00000000e0f00000| Untracked 
|  16|0x00000000e1000000, 0x00000000e1000000, 0x00000000e1100000|  0%| F|  |TAMS 0x00000000e1000000, 0x00000000e1000000| Untracked 
|  17|0x00000000e1100000, 0x00000000e1100000, 0x00000000e1200000|  0%| F|  |TAMS 0x00000000e1100000, 0x00000000e1100000| Untracked 
|  18|0x00000000e1200000, 0x00000000e1200000, 0x00000000e1300000|  0%| F|  |TAMS 0x00000000e1200000, 0x00000000e1200000| Untracked 
|  19|0x00000000e1300000, 0x00000000e1300000, 0x00000000e1400000|  0%| F|  |TAMS 0x00000000e1300000, 0x00000000e1300000| Untracked 
|  20|0x00000000e1400000, 0x00000000e1400000, 0x00000000e1500000|  0%| F|  |TAMS 0x00000000e1400000, 0x00000000e1400000| Untracked 
|  21|0x00000000e1500000, 0x00000000e1500000, 0x00000000e1600000|  0%| F|  |TAMS 0x00000000e1500000, 0x00000000e1500000| Untracked 
|  22|0x00000000e1600000, 0x00000000e1600000, 0x00000000e1700000|  0%| F|  |TAMS 0x00000000e1600000, 0x00000000e1600000| Untracked 
|  23|0x00000000e1700000, 0x00000000e1700000, 0x00000000e1800000|  0%| F|  |TAMS 0x00000000e1700000, 0x00000000e1700000| Untracked 
|  24|0x00000000e1800000, 0x00000000e1800000, 0x00000000e1900000|  0%| F|  |TAMS 0x00000000e1800000, 0x00000000e1800000| Untracked 
|  25|0x00000000e1900000, 0x00000000e1900000, 0x00000000e1a00000|  0%| F|  |TAMS 0x00000000e1900000, 0x00000000e1900000| Untracked 
|  26|0x00000000e1a00000, 0x00000000e1a00000, 0x00000000e1b00000|  0%| F|  |TAMS 0x00000000e1a00000, 0x00000000e1a00000| Untracked 
|  27|0x00000000e1b00000, 0x00000000e1b00000, 0x00000000e1c00000|  0%| F|  |TAMS 0x00000000e1b00000, 0x00000000e1b00000| Untracked 
|  28|0x00000000e1c00000, 0x00000000e1c00000, 0x00000000e1d00000|  0%| F|  |TAMS 0x00000000e1c00000, 0x00000000e1c00000| Untracked 
|  29|0x00000000e1d00000, 0x00000000e1d00000, 0x00000000e1e00000|  0%| F|  |TAMS 0x00000000e1d00000, 0x00000000e1d00000| Untracked 
|  30|0x00000000e1e00000, 0x00000000e1e00000, 0x00000000e1f00000|  0%| F|  |TAMS 0x00000000e1e00000, 0x00000000e1e00000| Untracked 
|  31|0x00000000e1f00000, 0x00000000e1f00000, 0x00000000e2000000|  0%| F|  |TAMS 0x00000000e1f00000, 0x00000000e1f00000| Untracked 
|  32|0x00000000e2000000, 0x00000000e2000000, 0x00000000e2100000|  0%| F|  |TAMS 0x00000000e2000000, 0x00000000e2000000| Untracked 
|  33|0x00000000e2100000, 0x00000000e2100000, 0x00000000e2200000|  0%| F|  |TAMS 0x00000000e2100000, 0x00000000e2100000| Untracked 
|  34|0x00000000e2200000, 0x00000000e2200000, 0x00000000e2300000|  0%| F|  |TAMS 0x00000000e2200000, 0x00000000e2200000| Untracked 
|  35|0x00000000e2300000, 0x00000000e2300000, 0x00000000e2400000|  0%| F|  |TAMS 0x00000000e2300000, 0x00000000e2300000| Untracked 
|  36|0x00000000e2400000, 0x00000000e2400000, 0x00000000e2500000|  0%| F|  |TAMS 0x00000000e2400000, 0x00000000e2400000| Untracked 
|  37|0x00000000e2500000, 0x00000000e2500000, 0x00000000e2600000|  0%| F|  |TAMS 0x00000000e2500000, 0x00000000e2500000| Untracked 
|  38|0x00000000e2600000, 0x00000000e2600000, 0x00000000e2700000|  0%| F|  |TAMS 0x00000000e2600000, 0x00000000e2600000| Untracked 
|  39|0x00000000e2700000, 0x00000000e2700000, 0x00000000e2800000|  0%| F|  |TAMS 0x00000000e2700000, 0x00000000e2700000| Untracked 
|  40|0x00000000e2800000, 0x00000000e2800000, 0x00000000e2900000|  0%| F|  |TAMS 0x00000000e2800000, 0x00000000e2800000| Untracked 
|  41|0x00000000e2900000, 0x00000000e2900000, 0x00000000e2a00000|  0%| F|  |TAMS 0x00000000e2900000, 0x00000000e2900000| Untracked 
|  42|0x00000000e2a00000, 0x00000000e2b00000, 0x00000000e2b00000|100%| E|  |TAMS 0x00000000e2a00000, 0x00000000e2a00000| Complete 
|  43|0x00000000e2b00000, 0x00000000e2c00000, 0x00000000e2c00000|100%| E|CS|TAMS 0x00000000e2b00000, 0x00000000e2b00000| Complete 
|  44|0x00000000e2c00000, 0x00000000e2d00000, 0x00000000e2d00000|100%| E|CS|TAMS 0x00000000e2c00000, 0x00000000e2c00000| Complete 
|  45|0x00000000e2d00000, 0x00000000e2e00000, 0x00000000e2e00000|100%| E|CS|TAMS 0x00000000e2d00000, 0x00000000e2d00000| Complete 
|  46|0x00000000e2e00000, 0x00000000e2f00000, 0x00000000e2f00000|100%| E|CS|TAMS 0x00000000e2e00000, 0x00000000e2e00000| Complete 
|  47|0x00000000e2f00000, 0x00000000e3000000, 0x00000000e3000000|100%| E|CS|TAMS 0x00000000e2f00000, 0x00000000e2f00000| Complete 
|  48|0x00000000e3000000, 0x00000000e3100000, 0x00000000e3100000|100%| E|CS|TAMS 0x00000000e3000000, 0x00000000e3000000| Complete 
|  49|0x00000000e3100000, 0x00000000e3200000, 0x00000000e3200000|100%| E|CS|TAMS 0x00000000e3100000, 0x00000000e3100000| Complete 
|  50|0x00000000e3200000, 0x00000000e3300000, 0x00000000e3300000|100%| E|CS|TAMS 0x00000000e3200000, 0x00000000e3200000| Complete 
|  51|0x00000000e3300000, 0x00000000e3400000, 0x00000000e3400000|100%| E|CS|TAMS 0x00000000e3300000, 0x00000000e3300000| Complete 
|  52|0x00000000e3400000, 0x00000000e3500000, 0x00000000e3500000|100%| E|CS|TAMS 0x00000000e3400000, 0x00000000e3400000| Complete 
|  53|0x00000000e3500000, 0x00000000e3600000, 0x00000000e3600000|100%| E|CS|TAMS 0x00000000e3500000, 0x00000000e3500000| Complete 
|  54|0x00000000e3600000, 0x00000000e3700000, 0x00000000e3700000|100%| E|CS|TAMS 0x00000000e3600000, 0x00000000e3600000| Complete 
|  55|0x00000000e3700000, 0x00000000e3800000, 0x00000000e3800000|100%| E|CS|TAMS 0x00000000e3700000, 0x00000000e3700000| Complete 
|  56|0x00000000e3800000, 0x00000000e3900000, 0x00000000e3900000|100%| E|CS|TAMS 0x00000000e3800000, 0x00000000e3800000| Complete 
|  57|0x00000000e3900000, 0x00000000e3a00000, 0x00000000e3a00000|100%| E|CS|TAMS 0x00000000e3900000, 0x00000000e3900000| Complete 
|  58|0x00000000e3a00000, 0x00000000e3b00000, 0x00000000e3b00000|100%| E|CS|TAMS 0x00000000e3a00000, 0x00000000e3a00000| Complete 
|  59|0x00000000e3b00000, 0x00000000e3c00000, 0x00000000e3c00000|100%| E|CS|TAMS 0x00000000e3b00000, 0x00000000e3b00000| Complete 
|  60|0x00000000e3c00000, 0x00000000e3d00000, 0x00000000e3d00000|100%| S|CS|TAMS 0x00000000e3c00000, 0x00000000e3c00000| Complete 
|  61|0x00000000e3d00000, 0x00000000e3e00000, 0x00000000e3e00000|100%| S|CS|TAMS 0x00000000e3d00000, 0x00000000e3d00000| Complete 
|  62|0x00000000e3e00000, 0x00000000e3f00000, 0x00000000e3f00000|100%| E|CS|TAMS 0x00000000e3e00000, 0x00000000e3e00000| Complete 
|  63|0x00000000e3f00000, 0x00000000e4000000, 0x00000000e4000000|100%| E|CS|TAMS 0x00000000e3f00000, 0x00000000e3f00000| Complete 

Card table byte_map: [0x000001f4d9bc0000,0x000001f4d9cc0000] _byte_map_base: 0x000001f4d94c0000

Marking Bits (Prev, Next): (CMBitMap*) 0x000001f4c16a8810, (CMBitMap*) 0x000001f4c16a87d8
 Prev Bits: [0x000001f4da5c0000, 0x000001f4dadc0000)
 Next Bits: [0x000001f4d9dc0000, 0x000001f4da5c0000)

Polling page: 0x000001f4c1520000

Metaspace:

Usage:
  Non-class:     20.55 MB capacity,    20.09 MB ( 98%) used,   377.59 KB (  2%) free+waste,    88.38 KB ( <1%) overhead. 
      Class:      3.12 MB capacity,     2.75 MB ( 88%) used,   329.88 KB ( 10%) free+waste,    47.06 KB (  1%) overhead. 
       Both:     23.67 MB capacity,    22.84 MB ( 97%) used,   707.47 KB (  3%) free+waste,   135.44 KB ( <1%) overhead. 

Virtual space:
  Non-class space:       22.00 MB reserved,      20.67 MB ( 94%) committed 
      Class space:        1.00 GB reserved,       3.13 MB ( <1%) committed 
             Both:        1.02 GB reserved,      23.80 MB (  2%) committed 

Chunk freelists:
   Non-Class:  0 bytes
       Class:  512 bytes
        Both:  512 bytes

CodeHeap 'non-profiled nmethods': size=120064Kb used=769Kb max_used=769Kb free=119294Kb
 bounds [0x000001f4d1f60000, 0x000001f4d21d0000, 0x000001f4d94a0000]
CodeHeap 'profiled nmethods': size=120000Kb used=4455Kb max_used=4455Kb free=115544Kb
 bounds [0x000001f4caa30000, 0x000001f4cae90000, 0x000001f4d1f60000]
CodeHeap 'non-nmethods': size=5696Kb used=1123Kb max_used=1141Kb free=4572Kb
 bounds [0x000001f4ca4a0000, 0x000001f4ca710000, 0x000001f4caa30000]
 total_blobs=2605 nmethods=2159 adapters=357
 compilation: enabled
              stopped_count=0, restarted_count=0
 full_count=0

Compilation events (10 events):
Event: 14.420 Thread 0x000001f4ddc02000 2164       3       sun.nio.fs.NativeBuffers::getNativeBufferFromCache (51 bytes)
Event: 14.421 Thread 0x000001f4ddc02000 nmethod 2164 0x000001f4cae87010 code [0x000001f4cae87200, 0x000001f4cae877e8]
Event: 14.421 Thread 0x000001f4ddc02000 2166       3       sun.nio.fs.NativeBuffers::releaseNativeBuffer (97 bytes)
Event: 14.423 Thread 0x000001f4ddc02000 nmethod 2166 0x000001f4cae87990 code [0x000001f4cae87c00, 0x000001f4cae889d8]
Event: 14.423 Thread 0x000001f4ddc02000 2167       3       java.nio.file.attribute.FileTime::from (18 bytes)
Event: 14.424 Thread 0x000001f4ddc02000 nmethod 2167 0x000001f4cae88e10 code [0x000001f4cae88fe0, 0x000001f4cae893a8]
Event: 14.424 Thread 0x000001f4ddc02000 2168       3       java.nio.file.attribute.FileTime::<init> (21 bytes)
Event: 14.424 Thread 0x000001f4ddc02000 nmethod 2168 0x000001f4cae89510 code [0x000001f4cae896c0, 0x000001f4cae898d8]
Event: 14.424 Thread 0x000001f4ddc02000 2165       3       sun.nio.fs.NativeBuffer::release (5 bytes)
Event: 14.425 Thread 0x000001f4ddc02000 nmethod 2165 0x000001f4cae89990 code [0x000001f4cae89b40, 0x000001f4cae89c68]

GC Heap History (10 events):
Event: 3.036 GC heap before
{Heap before GC invocations=0 (full 0):
 garbage-first heap   total 65536K, used 15360K [0x00000000e0000000, 0x0000000100000000)
  region size 1024K, 14 young (14336K), 0 survivors (0K)
 Metaspace       used 10350K, capacity 10524K, committed 10624K, reserved 1058816K
  class space    used 1038K, capacity 1145K, committed 1152K, reserved 1048576K
}
Event: 3.056 GC heap after
{Heap after GC invocations=1 (full 0):
 garbage-first heap   total 65536K, used 8257K [0x00000000e0000000, 0x0000000100000000)
  region size 1024K, 2 young (2048K), 2 survivors (2048K)
 Metaspace       used 10350K, capacity 10524K, committed 10624K, reserved 1058816K
  class space    used 1038K, capacity 1145K, committed 1152K, reserved 1048576K
}
Event: 4.858 GC heap before
{Heap before GC invocations=1 (full 0):
 garbage-first heap   total 65536K, used 11329K [0x00000000e0000000, 0x0000000100000000)
  region size 1024K, 5 young (5120K), 2 survivors (2048K)
 Metaspace       used 11848K, capacity 12126K, committed 12416K, reserved 1060864K
  class space    used 1241K, capacity 1351K, committed 1408K, reserved 1048576K
}
Event: 4.874 GC heap after
{Heap after GC invocations=2 (full 0):
 garbage-first heap   total 65536K, used 8216K [0x00000000e0000000, 0x0000000100000000)
  region size 1024K, 1 young (1024K), 1 survivors (1024K)
 Metaspace       used 11848K, capacity 12126K, committed 12416K, reserved 1060864K
  class space    used 1241K, capacity 1351K, committed 1408K, reserved 1048576K
}
Event: 8.854 GC heap before
{Heap before GC invocations=2 (full 0):
 garbage-first heap   total 65536K, used 28696K [0x00000000e0000000, 0x0000000100000000)
  region size 1024K, 21 young (21504K), 1 survivors (1024K)
 Metaspace       used 15924K, capacity 16477K, committed 16640K, reserved 1064960K
  class space    used 1799K, capacity 2016K, committed 2048K, reserved 1048576K
}
Event: 8.867 GC heap after
{Heap after GC invocations=3 (full 0):
 garbage-first heap   total 65536K, used 9140K [0x00000000e0000000, 0x0000000100000000)
  region size 1024K, 2 young (2048K), 2 survivors (2048K)
 Metaspace       used 15924K, capacity 16477K, committed 16640K, reserved 1064960K
  class space    used 1799K, capacity 2016K, committed 2048K, reserved 1048576K
}
Event: 11.857 GC heap before
{Heap before GC invocations=3 (full 0):
 garbage-first heap   total 65536K, used 33716K [0x00000000e0000000, 0x0000000100000000)
  region size 1024K, 26 young (26624K), 2 survivors (2048K)
 Metaspace       used 20317K, capacity 20962K, committed 21120K, reserved 1067008K
  class space    used 2319K, capacity 2579K, committed 2688K, reserved 1048576K
}
Event: 11.869 GC heap after
{Heap after GC invocations=4 (full 0):
 garbage-first heap   total 65536K, used 10192K [0x00000000e0000000, 0x0000000100000000)
  region size 1024K, 3 young (3072K), 3 survivors (3072K)
 Metaspace       used 20317K, capacity 20962K, committed 21120K, reserved 1067008K
  class space    used 2319K, capacity 2579K, committed 2688K, reserved 1048576K
}
Event: 12.087 GC heap before
{Heap before GC invocations=4 (full 0):
 garbage-first heap   total 65536K, used 11216K [0x00000000e0000000, 0x0000000100000000)
  region size 1024K, 5 young (5120K), 3 survivors (3072K)
 Metaspace       used 20569K, capacity 21167K, committed 21296K, reserved 1069056K
  class space    used 2360K, capacity 2628K, committed 2688K, reserved 1048576K
}
Event: 12.095 GC heap after
{Heap after GC invocations=5 (full 0):
 garbage-first heap   total 65536K, used 10213K [0x00000000e0000000, 0x0000000100000000)
  region size 1024K, 2 young (2048K), 2 survivors (2048K)
 Metaspace       used 20569K, capacity 21167K, committed 21296K, reserved 1069056K
  class space    used 2360K, capacity 2628K, committed 2688K, reserved 1048576K
}

Deoptimization events (10 events):
Event: 10.032 Thread 0x000001f4c1689800 Uncommon trap: reason=bimorphic_or_optimized_type_check action=maybe_recompile pc=0x000001f4d1f9e310 method=java.util.HashMap.getNode(ILjava/lang/Object;)Ljava/util/HashMap$Node; @ 126 c2
Event: 10.083 Thread 0x000001f4c1689800 Uncommon trap: reason=bimorphic_or_optimized_type_check action=maybe_recompile pc=0x000001f4d1f9e310 method=java.util.HashMap.getNode(ILjava/lang/Object;)Ljava/util/HashMap$Node; @ 126 c2
Event: 10.540 Thread 0x000001f4c1689800 Uncommon trap: reason=unstable_if action=reinterpret pc=0x000001f4d1f8abcc method=java.util.zip.ZipFile$Source.getEntryPos([BZ)I @ 156 c2
Event: 10.905 Thread 0x000001f4c1689800 Uncommon trap: reason=unstable_if action=reinterpret pc=0x000001f4d1fd7374 method=java.io.File.exists()Z @ 34 c2
Event: 11.674 Thread 0x000001f4c1689800 Uncommon trap: reason=unstable_if action=reinterpret pc=0x000001f4d1ff6ab4 method=java.lang.ref.SoftReference.get()Ljava/lang/Object; @ 6 c2
Event: 12.588 Thread 0x000001f4c1689800 Uncommon trap: reason=unstable_if action=reinterpret pc=0x000001f4d1fcc010 method=jdk.internal.org.objectweb.asm.ByteVector.enlarge(I)V @ 17 c2
Event: 12.622 Thread 0x000001f4c1689800 Uncommon trap: reason=unstable_if action=reinterpret pc=0x000001f4d1fc5168 method=jdk.internal.org.objectweb.asm.Type.getArgumentsAndReturnSizes(Ljava/lang/String;)I @ 136 c2
Event: 13.005 Thread 0x000001f4c1689800 Uncommon trap: reason=unstable_if action=reinterpret pc=0x000001f4d20036bc method=java.net.URLStreamHandler.parseURL(Ljava/net/URL;Ljava/lang/String;II)V @ 725 c2
Event: 13.021 Thread 0x000001f4c1689800 Uncommon trap: reason=unstable_if action=reinterpret pc=0x000001f4d1fef6b0 method=java.lang.String.indexOf([BBILjava/lang/String;I)I @ 21 c2
Event: 14.307 Thread 0x000001f4c1689800 Uncommon trap: reason=unstable_if action=reinterpret pc=0x000001f4d1ff8654 method=java.net.URL.<init>(Ljava/net/URL;Ljava/lang/String;Ljava/net/URLStreamHandler;)V @ 347 c2

Classes redefined (0 events):
No events

Internal exceptions (10 events):
Event: 12.848 Thread 0x000001f4c1689800 Exception <a 'java/lang/NoSuchMethodError'{0x00000000e36da4b8}: java.lang.invoke.DirectMethodHandle$Holder.invokeStatic(Ljava/lang/Object;Ljava/lang/Object;Ljava/lang/Object;Ljava/lang/Object;Ljava/lang/Object;Ljava/lang/Object;)V> (0x00000000e36da4b8) th
Event: 12.891 Thread 0x000001f4c1689800 Exception <a 'java/lang/NoSuchMethodError'{0x00000000e35742f0}: java.lang.invoke.DirectMethodHandle$Holder.invokeSpecial(Ljava/lang/Object;Ljava/lang/Object;Ljava/lang/Object;Ljava/lang/Object;Ljava/lang/Object;Ljava/lang/Object;I)Ljava/lang/Object;> (0x0
Event: 12.899 Thread 0x000001f4c1689800 Exception <a 'java/lang/NoSuchMethodError'{0x00000000e357e2a0}: java.lang.invoke.DirectMethodHandle$Holder.invokeSpecial(Ljava/lang/Object;Ljava/lang/Object;Ljava/lang/Object;Ljava/lang/Object;Ljava/lang/Object;Ljava/lang/Object;Ljava/lang/Object;I)Ljava/
Event: 12.900 Thread 0x000001f4c1689800 Exception <a 'java/lang/NoSuchMethodError'{0x00000000e3582d78}: java.lang.invoke.Invokers$Holder.linkToTargetMethod(Ljava/lang/Object;Ljava/lang/Object;Ljava/lang/Object;Ljava/lang/Object;Ljava/lang/Object;ILjava/lang/Object;)Ljava/lang/Object;> (0x000000
Event: 13.005 Thread 0x000001f4c1689800 Implicit null exception at 0x000001f4d2000a53 to 0x000001f4d2003670
Event: 13.151 Thread 0x000001f4c1689800 Exception <a 'java/lang/NoSuchMethodError'{0x00000000e32ab148}: java.lang.invoke.DirectMethodHandle$Holder.invokeStatic(Ljava/lang/Object;Ljava/lang/Object;Ljava/lang/Object;ILjava/lang/Object;)Ljava/lang/Object;> (0x00000000e32ab148) thrown at [./open/sr
Event: 13.152 Thread 0x000001f4c1689800 Exception <a 'java/lang/NoSuchMethodError'{0x00000000e32b2340}: java.lang.invoke.Invokers$Holder.linkToTargetMethod(Ljava/lang/Object;Ljava/lang/Object;ILjava/lang/Object;Ljava/lang/Object;)Ljava/lang/Object;> (0x00000000e32b2340) thrown at [./open/src/ho
Event: 13.153 Thread 0x000001f4c1689800 Exception <a 'java/lang/NoSuchMethodError'{0x00000000e32be870}: java.lang.invoke.DirectMethodHandle$Holder.invokeStatic(Ljava/lang/Object;ILjava/lang/Object;Ljava/lang/Object;)I> (0x00000000e32be870) thrown at [./open/src/hotspot/share/interpreter/linkRes
Event: 13.154 Thread 0x000001f4c1689800 Exception <a 'java/lang/NoSuchMethodError'{0x00000000e32c6170}: java.lang.invoke.DirectMethodHandle$Holder.invokeStatic(Ljava/lang/Object;ILjava/lang/Object;)Ljava/lang/Object;> (0x00000000e32c6170) thrown at [./open/src/hotspot/share/interpreter/linkReso
Event: 13.336 Thread 0x000001f4c1689800 Exception <a 'java/lang/NoSuchMethodError'{0x00000000e3079000}: java.lang.invoke.DirectMethodHandle$Holder.invokeStaticInit(Ljava/lang/Object;Ljava/lang/Object;)V> (0x00000000e3079000) thrown at [./open/src/hotspot/share/interpreter/linkResolver.cpp, line

Events (10 events):
Event: 14.421 Executing VM operation: RevokeBias
Event: 14.421 Executing VM operation: RevokeBias done
Event: 14.422 Executing VM operation: RevokeBias
Event: 14.423 Executing VM operation: RevokeBias done
Event: 14.423 loading class org/springframework/beans/factory/config/BeanPostProcessor
Event: 14.423 loading class org/springframework/beans/factory/config/BeanPostProcessor done
Event: 14.423 Executing VM operation: RevokeBias
Event: 14.423 Executing VM operation: RevokeBias done
Event: 14.466 loading class org/springframework/context/support/ContextTypeMatchClassLoader
Event: 14.466 loading class org/springframework/context/support/ContextTypeMatchClassLoader done


Dynamic libraries:
0x00007ff6748e0000 - 0x00007ff6748ef000 	C:\Program Files\Java\jdk-11.0.14\bin\java.exe
0x00007ffaed780000 - 0x00007ffaed970000 	C:\Windows\SYSTEM32\ntdll.dll
0x00007ffaed680000 - 0x00007ffaed732000 	C:\Windows\System32\KERNEL32.DLL
0x00007ffaeb010000 - 0x00007ffaeb2b3000 	C:\Windows\System32\KERNELBASE.dll
0x00007ffaeb570000 - 0x00007ffaeb66a000 	C:\Windows\System32\ucrtbase.dll
0x00007ffad1870000 - 0x00007ffad1888000 	C:\Program Files\Java\jdk-11.0.14\bin\jli.dll
0x00007ffabfba0000 - 0x00007ffabfbb5000 	C:\Program Files\Java\jdk-11.0.14\bin\VCRUNTIME140.dll
0x00007ffaeceb0000 - 0x00007ffaecf53000 	C:\Windows\System32\ADVAPI32.dll
0x00007ffaecac0000 - 0x00007ffaecb5e000 	C:\Windows\System32\msvcrt.dll
0x00007ffaed460000 - 0x00007ffaed4f7000 	C:\Windows\System32\sechost.dll
0x00007ffaec4a0000 - 0x00007ffaec5c0000 	C:\Windows\System32\RPCRT4.dll
0x00007ffaebfb0000 - 0x00007ffaec144000 	C:\Windows\System32\USER32.dll
0x00007ffaea760000 - 0x00007ffaea781000 	C:\Windows\System32\win32u.dll
0x00007ffaec1f0000 - 0x00007ffaec216000 	C:\Windows\System32\GDI32.dll
0x00007ffaeb690000 - 0x00007ffaeb824000 	C:\Windows\System32\gdi32full.dll
0x00007ffaeaf10000 - 0x00007ffaeafae000 	C:\Windows\System32\msvcp_win.dll
0x00007ffaea1f0000 - 0x00007ffaea1fa000 	C:\Windows\SYSTEM32\VERSION.dll
0x00007ffad4dc0000 - 0x00007ffad5045000 	C:\Windows\WinSxS\amd64_microsoft.windows.common-controls_6595b64144ccf1df_6.0.18362.476_none_e6c4b11b130f2595\COMCTL32.dll
0x00007ffaecb70000 - 0x00007ffaecea6000 	C:\Windows\System32\combase.dll
0x00007ffaeb4c0000 - 0x00007ffaeb540000 	C:\Windows\System32\bcryptPrimitives.dll
0x00007ffaeca90000 - 0x00007ffaecabe000 	C:\Windows\System32\IMM32.DLL
0x00007ffab7cb0000 - 0x00007ffab7d4b000 	C:\Program Files\Java\jdk-11.0.14\bin\msvcp140.dll
0x00007ffab0f80000 - 0x00007ffab1a96000 	C:\Program Files\Java\jdk-11.0.14\bin\server\jvm.dll
0x00007ffaed310000 - 0x00007ffaed318000 	C:\Windows\System32\PSAPI.DLL
0x00007ffadc2b0000 - 0x00007ffadc2b9000 	C:\Windows\SYSTEM32\WSOCK32.dll
0x00007ffaed500000 - 0x00007ffaed56f000 	C:\Windows\System32\WS2_32.dll
0x00007ffae5310000 - 0x00007ffae5334000 	C:\Windows\SYSTEM32\WINMM.dll
0x00007ffae5250000 - 0x00007ffae527d000 	C:\Windows\SYSTEM32\winmmbase.dll
0x00007ffaea710000 - 0x00007ffaea75a000 	C:\Windows\System32\cfgmgr32.dll
0x00007ffaea6f0000 - 0x00007ffaea701000 	C:\Windows\System32\kernel.appcore.dll
0x00007ffad1860000 - 0x00007ffad1870000 	C:\Program Files\Java\jdk-11.0.14\bin\verify.dll
0x00007ffae5ea0000 - 0x00007ffae6094000 	C:\Windows\SYSTEM32\DBGHELP.DLL
0x00007ffad0e70000 - 0x00007ffad0e9a000 	C:\Windows\SYSTEM32\dbgcore.DLL
0x00007ffab7c80000 - 0x00007ffab7ca8000 	C:\Program Files\Java\jdk-11.0.14\bin\java.dll
0x00007ffad0ca0000 - 0x00007ffad0caa000 	C:\Program Files\Java\jdk-11.0.14\bin\jimage.dll
0x00007ffab7c60000 - 0x00007ffab7c76000 	C:\Program Files\Java\jdk-11.0.14\bin\zip.dll
0x00007ffaeb830000 - 0x00007ffaebf15000 	C:\Windows\System32\SHELL32.dll
0x00007ffaecfc0000 - 0x00007ffaed069000 	C:\Windows\System32\shcore.dll
0x00007ffaea790000 - 0x00007ffaeaf0e000 	C:\Windows\System32\windows.storage.dll
0x00007ffaea660000 - 0x00007ffaea67f000 	C:\Windows\System32\profapi.dll
0x00007ffaea680000 - 0x00007ffaea6ca000 	C:\Windows\System32\powrprof.dll
0x00007ffaea650000 - 0x00007ffaea660000 	C:\Windows\System32\UMPDC.dll
0x00007ffaed570000 - 0x00007ffaed5c2000 	C:\Windows\System32\shlwapi.dll
0x00007ffaeb670000 - 0x00007ffaeb687000 	C:\Windows\System32\cryptsp.dll
0x00007ffab7c40000 - 0x00007ffab7c59000 	C:\Program Files\Java\jdk-11.0.14\bin\net.dll
0x00007ffad9ce0000 - 0x00007ffad9dd0000 	C:\Windows\SYSTEM32\WINHTTP.dll
0x00007ffae9df0000 - 0x00007ffae9e57000 	C:\Windows\system32\mswsock.dll
0x00007ffab7c20000 - 0x00007ffab7c32000 	C:\Program Files\Java\jdk-11.0.14\bin\nio.dll
0x00007ffae9960000 - 0x00007ffae9993000 	C:\Windows\system32\rsaenh.dll
0x00007ffaeb540000 - 0x00007ffaeb566000 	C:\Windows\System32\bcrypt.dll
0x00007ffaea540000 - 0x00007ffaea565000 	C:\Windows\SYSTEM32\USERENV.dll
0x00007ffae9fc0000 - 0x00007ffae9fcc000 	C:\Windows\SYSTEM32\CRYPTBASE.dll
0x00007ffae9b00000 - 0x00007ffae9b3a000 	C:\Windows\SYSTEM32\IPHLPAPI.DLL
0x00007ffaecb60000 - 0x00007ffaecb68000 	C:\Windows\System32\NSI.dll
0x00007ffada820000 - 0x00007ffada836000 	C:\Windows\SYSTEM32\dhcpcsvc6.DLL
0x00007ffada8f0000 - 0x00007ffada90c000 	C:\Windows\SYSTEM32\dhcpcsvc.DLL
0x00007ffae9b50000 - 0x00007ffae9c1a000 	C:\Windows\SYSTEM32\DNSAPI.dll
0x00007ffabfb90000 - 0x00007ffabfb99000 	C:\Program Files\Java\jdk-11.0.14\bin\management.dll
0x00007ffabdf70000 - 0x00007ffabdf7b000 	C:\Program Files\Java\jdk-11.0.14\bin\management_ext.dll
0x00007ffad8550000 - 0x00007ffad8566000 	C:\Windows\system32\napinsp.dll
0x00007ffad58d0000 - 0x00007ffad58ea000 	C:\Windows\system32\pnrpnsp.dll
0x00007ffae2490000 - 0x00007ffae249e000 	C:\Windows\System32\winrnr.dll
0x00007ffae38b0000 - 0x00007ffae38cc000 	C:\Windows\system32\NLAapi.dll
0x00007ffae22b0000 - 0x00007ffae22c5000 	C:\Windows\system32\wshbth.dll
0x00007ffad9cd0000 - 0x00007ffad9cda000 	C:\Windows\System32\rasadhlp.dll
0x00007ffada740000 - 0x00007ffada7b7000 	C:\Windows\System32\fwpuclnt.dll

dbghelp: loaded successfully - version: 4.0.5 - missing functions: none
symbol engine: initialized successfully - sym options: 0x614 - pdb path: .;C:\Program Files\Java\jdk-11.0.14\bin;C:\Windows\SYSTEM32;C:\Windows\WinSxS\amd64_microsoft.windows.common-controls_6595b64144ccf1df_6.0.18362.476_none_e6c4b11b130f2595;C:\Program Files\Java\jdk-11.0.14\bin\server

VM Arguments:
jvm_args: -Dorg.gradle.internal.worker.tmpdir=C:\Users\Vismut\IdeaProjects\demo\build\tmp\test\work -Dorg.gradle.native=false --add-opens=java.base/java.util=ALL-UNNAMED --add-opens=java.base/java.lang=ALL-UNNAMED -Xmx512m -Dfile.encoding=windows-1251 -Duser.country=GB -Duser.language=en -Duser.variant -ea 
java_command: worker.org.gradle.process.internal.worker.GradleWorkerMain 'Gradle Test Executor 1'
java_class_path (initial): C:\\Users\\Vismut\\.gradle\\caches\\7.4\\workerMain\\gradle-worker.jar;C:\\Users\\Vismut\\IdeaProjects\\demo\\build\\classes\\java\\test;C:\\Users\\Vismut\\IdeaProjects\\demo\\build\\classes\\java\\main;C:\\Users\\Vismut\\IdeaProjects\\demo\\build\\resources\\main;C:\\Users\\Vismut\\.gradle\\caches\\modules-2\\files-2.1\\org.springframework.boot\\spring-boot-starter-data-jpa\\2.6.4\\f12f4ceb6765c1ab892a6bc72dad5aaad670a87f\\spring-boot-starter-data-jpa-2.6.4.jar;C:\\Users\\Vismut\\.gradle\\caches\\modules-2\\files-2.1\\org.springframework.boot\\spring-boot-starter-web\\2.6.4\\4aa74a41a8ff99e256433805b0ee63a6053d6b6c\\spring-boot-starter-web-2.6.4.jar;C:\\Users\\Vismut\\.gradle\\caches\\modules-2\\files-2.1\\org.projectlombok\\lombok\\1.18.22\\9c08ea24c6eb714e2d6170e8122c069a0ba9aacf\\lombok-1.18.22.jar;C:\\Users\\Vismut\\.gradle\\caches\\modules-2\\files-2.1\\org.springframework.boot\\spring-boot-starter-validation\\2.6.4\\6fb780b99d1b895918918f30979d61f9212f424b\\spring-boot-starter-validation-2.6.4.jar;C:\\Users\\Vismut\\.gradle\\caches\\modules-2\\files-2.1\\org.postgresql\\postgresql\\42.3.3\\6f639af368afda4c5a3e77a6299262c501e67076\\postgresql-42.3.3.jar;C:\\Users\\Vismut\\.gradle\\caches\\modules-2\\files-2.1\\org.springframework.boot\\spring-boot-starter-test\\2.6.4\\4befb5f23c4bac74125d1c9e4f3721586b315d3a\\spring-boot-starter-test-2.6.4.jar;C:\\Users\\Vismut\\.gradle\\caches\\modules-2\\files-2.1\\org.springframework.boot\\spring-boot-starter-aop\\2.6.4\\13e3695074a176ca4e22543b084943e5932b3b5f\\spring-boot-starter-aop-2.6.4.jar;C:\\Users\\Vismut\\.gradle\\caches\\modules-2\\files-2.1\\org.springframework.boot\\spring-boot-starter-jdbc\\2.6.4\\19047bf41d1f01a3b5e82f90ac77dceefadda943\\spring-boot-starter-jdbc-2.6.4.jar;C:\\Users\\Vismut\\.gradle\\caches\\modules-2\\files-2.1\\jakarta.transaction\\jakarta.transaction-api\\1.3.3\\c4179d48720a1e87202115fbed6089bdc4195405\\jakarta.transaction-api-1.3.3.jar;C:\\Users\\Vismut\\.gradle
Launcher Type: SUN_STANDARD

[Global flags]
     intx CICompilerCount                          = 3                                         {product} {ergonomic}
     uint ConcGCThreads                            = 1                                         {product} {ergonomic}
     uint G1ConcRefinementThreads                  = 4                                         {product} {ergonomic}
   size_t G1HeapRegionSize                         = 1048576                                   {product} {ergonomic}
    uintx GCDrainStackTargetSize                   = 64                                        {product} {ergonomic}
   size_t InitialHeapSize                          = 67108864                                  {product} {ergonomic}
   size_t MarkStackSize                            = 4194304                                   {product} {ergonomic}
   size_t MaxHeapSize                              = 536870912                                 {product} {command line}
   size_t MaxNewSize                               = 321912832                                 {product} {ergonomic}
   size_t MinHeapDeltaBytes                        = 1048576                                   {product} {ergonomic}
    uintx NonNMethodCodeHeapSize                   = 5830732                                {pd product} {ergonomic}
    uintx NonProfiledCodeHeapSize                  = 122913754                              {pd product} {ergonomic}
    uintx ProfiledCodeHeapSize                     = 122913754                              {pd product} {ergonomic}
    uintx ReservedCodeCacheSize                    = 251658240                              {pd product} {ergonomic}
     bool SegmentedCodeCache                       = true                                      {product} {ergonomic}
     bool UseCompressedClassPointers               = true                                 {lp64_product} {ergonomic}
     bool UseCompressedOops                        = true                                 {lp64_product} {ergonomic}
     bool UseG1GC                                  = true                                      {product} {ergonomic}
     bool UseLargePagesIndividualAllocation        = false                                  {pd product} {ergonomic}

Logging:
Log output configuration:
 #0: stdout all=warning uptime,level,AAAATags
 #1: stderr all=off uptime,level,AAAATags

Environment Variables:
PATH=C:\Program Files\Common Files\Oracle\Java\javapath;C:\Windows\system32;C:\Windows;C:\Windows\System32\Wbem;C:\Windows\System32\WindowsPowerShell\v1.0\;C:\Windows\System32\OpenSSH\;C:\Program Files (x86)\QuickTime\QTSystem\;C:\Users\Vismut\AppData\Local\Microsoft\WindowsApps;
USERNAME=Vismut
OS=Windows_NT
PROCESSOR_IDENTIFIER=Intel64 Family 6 Model 142 Stepping 10, GenuineIntel



---------------  S Y S T E M  ---------------

OS: Windows 10 , 64 bit Build 18362 (10.0.18362.329)

CPU:total 4 (initial active 4) (2 cores per cpu, 2 threads per core) family 6 model 142 stepping 10 microcode 0x96, cmov, cx8, fxsr, mmx, sse, sse2, sse3, ssse3, sse4.1, sse4.2, popcnt, avx, avx2, aes, clmul, erms, 3dnowpref, lzcnt, ht, tsc, tscinvbit, bmi1, bmi2, adx, fma

Memory: 4k page, system-wide physical 3973M (321M free)
TotalPageFile size 6021M (AvailPageFile size 1M)
current process WorkingSet (physical memory assigned to process): 116M, peak: 116M
current process commit charge ("private bytes"): 179M, peak: 179M

vm_info: Java HotSpot(TM) 64-Bit Server VM (11.0.14+8-LTS-263) for windows-amd64 JRE (11.0.14+8-LTS-263), built on Dec  7 2021 21:53:57 by "mach5one" with MS VC++ 15.9 (VS2017)

END.
