#
# There is insufficient memory for the Java Runtime Environment to continue.
# Native memory allocation (malloc) failed to allocate 32744 bytes for ChunkPool::allocate
# Possible reasons:
#   The system is out of physical RAM or swap space
#   The process is running with CompressedOops enabled, and the Java Heap may be blocking the growth of the native heap
# Possible solutions:
#   Reduce memory load on the system
#   Increase physical memory or swap space
#   Check if swap backing store is full
#   Decrease Java heap size (-Xmx/-Xms)
#   Decrease number of Java threads
#   Decrease Java thread stack sizes (-Xss)
#   Set larger code cache with -XX:ReservedCodeCacheSize=
#   JVM is running with Unscaled Compressed Oops mode in which the Java heap is
#     placed in the first 4GB address space. The Java Heap base address is the
#     maximum limit for the native heap growth. Please use -XX:HeapBaseMinAddress
#     to set the Java Heap base and to place the Java Heap above 4GB virtual address.
# This output file may be truncated or incomplete.
#
#  Out of Memory Error (./open/src/hotspot/share/memory/arena.cpp:81), pid=9020, tid=2916
#
# JRE version: Java(TM) SE Runtime Environment 18.9 (11.0.14+8) (build 11.0.14+8-LTS-263)
# Java VM: Java HotSpot(TM) 64-Bit Server VM 18.9 (11.0.14+8-LTS-263, mixed mode, tiered, compressed oops, g1 gc, windows-amd64)
# No core dump will be written. Minidumps are not enabled by default on client versions of Windows
#

---------------  S U M M A R Y ------------

Command Line: --add-opens=java.base/java.util=ALL-UNNAMED --add-opens=java.base/java.lang=ALL-UNNAMED --add-opens=java.base/java.lang.invoke=ALL-UNNAMED --add-opens=java.base/java.util=ALL-UNNAMED --add-opens=java.prefs/java.util.prefs=ALL-UNNAMED --add-opens=java.prefs/java.util.prefs=ALL-UNNAMED --add-opens=java.base/java.nio.charset=ALL-UNNAMED --add-opens=java.base/java.net=ALL-UNNAMED --add-opens=java.base/java.util.concurrent.atomic=ALL-UNNAMED -XX:MaxMetaspaceSize=256m -XX:+HeapDumpOnOutOfMemoryError -Xms256m -Xmx512m -Dfile.encoding=windows-1254 -Duser.country=GB -Duser.language=en -Duser.variant org.gradle.launcher.daemon.bootstrap.GradleDaemon 7.4

Host: Intel(R) Core(TM) i3-7020U CPU @ 2.30GHz, 4 cores, 3G,  Windows 10 , 64 bit Build 18362 (10.0.18362.329)
Time: Mon Mar 14 21:26:05 2022 West Asia Standard Time elapsed time: 33.440793 seconds (0d 0h 0m 33s)

---------------  T H R E A D  ---------------

Current thread (0x000001b0ac7b7000):  JavaThread "C2 CompilerThread0" daemon [_thread_in_native, id=2916, stack(0x0000007a95400000,0x0000007a95500000)]


Current CompileTask:
C2:  33440 4964       4       com.sun.beans.TypeResolver::resolve (37 bytes)

Stack: [0x0000007a95400000,0x0000007a95500000]
Native frames: (J=compiled Java code, j=interpreted, Vv=VM code, C=native code)
V  [jvm.dll+0x6296da]
V  [jvm.dll+0x76323f]
V  [jvm.dll+0x7648e9]
V  [jvm.dll+0x764f73]
V  [jvm.dll+0x23d7c8]
V  [jvm.dll+0xb2bdb]
V  [jvm.dll+0xb2f3c]
V  [jvm.dll+0x345cdb]
V  [jvm.dll+0x522e86]
V  [jvm.dll+0x522000]
V  [jvm.dll+0x5228a2]
V  [jvm.dll+0x30e832]
V  [jvm.dll+0x30db4a]
V  [jvm.dll+0x1f8365]
V  [jvm.dll+0x1f754d]
V  [jvm.dll+0x177b21]
V  [jvm.dll+0x206e26]
V  [jvm.dll+0x204fbb]
V  [jvm.dll+0x729170]
V  [jvm.dll+0x721d44]
V  [jvm.dll+0x6285d6]
C  [ucrtbase.dll+0x20e72]
C  [KERNEL32.DLL+0x17bd4]
C  [ntdll.dll+0x6ced1]


---------------  P R O C E S S  ---------------

Threads class SMR info:
_java_thread_list=0x000001b0b2baf330, length=62, elements={
0x000001b090154800, 0x000001b0abf39000, 0x000001b0abf3b000, 0x000001b0ac7b1000,
0x000001b0ac7b2000, 0x000001b0ac7b4000, 0x000001b0ac7b7000, 0x000001b0ac7bb800,
0x000001b0ac7bf000, 0x000001b0ac926000, 0x000001b0ae213800, 0x000001b0adbad000,
0x000001b0adf31000, 0x000001b0ad82b800, 0x000001b0ae784800, 0x000001b0ad4ea000,
0x000001b0adb66000, 0x000001b0ada56800, 0x000001b0ade24000, 0x000001b0ad69a800,
0x000001b0ad69c800, 0x000001b0ad697800, 0x000001b0ad698800, 0x000001b0ad69b800,
0x000001b0ad69e000, 0x000001b0ad69a000, 0x000001b0ad699000, 0x000001b0ad69d000,
0x000001b0af0e4800, 0x000001b0af0e2800, 0x000001b0af0e5800, 0x000001b0af0e6800,
0x000001b0af0e3000, 0x000001b0af0e9000, 0x000001b0af0e9800, 0x000001b0af0e4000,
0x000001b0af0ed000, 0x000001b0af0ee800, 0x000001b0af0eb800, 0x000001b0af0ef800,
0x000001b0af0ea800, 0x000001b0af0ed800, 0x000001b0af0ec000, 0x000001b0aebe5000,
0x000001b0aebe2000, 0x000001b0aebe3800, 0x000001b0aebe6000, 0x000001b0aebe3000,
0x000001b0aebe4800, 0x000001b0aebe0800, 0x000001b0aebe7000, 0x000001b0aebe1000,
0x000001b0aebea000, 0x000001b0aebeb000, 0x000001b0aebeb800, 0x000001b0aebec800,
0x000001b0aebed800, 0x000001b0aebe7800, 0x000001b0aebe8800, 0x000001b0aebee000,
0x000001b0aebef000, 0x000001b0aebe9800
}

Java Threads: ( => current thread )
  0x000001b090154800 JavaThread "main" [_thread_blocked, id=6280, stack(0x0000007a94800000,0x0000007a94900000)]
  0x000001b0abf39000 JavaThread "Reference Handler" daemon [_thread_blocked, id=8296, stack(0x0000007a94f00000,0x0000007a95000000)]
  0x000001b0abf3b000 JavaThread "Finalizer" daemon [_thread_blocked, id=9132, stack(0x0000007a95000000,0x0000007a95100000)]
  0x000001b0ac7b1000 JavaThread "Signal Dispatcher" daemon [_thread_blocked, id=6532, stack(0x0000007a95100000,0x0000007a95200000)]
  0x000001b0ac7b2000 JavaThread "Attach Listener" daemon [_thread_blocked, id=7428, stack(0x0000007a95200000,0x0000007a95300000)]
  0x000001b0ac7b4000 JavaThread "Service Thread" daemon [_thread_blocked, id=7004, stack(0x0000007a95300000,0x0000007a95400000)]
=>0x000001b0ac7b7000 JavaThread "C2 CompilerThread0" daemon [_thread_in_native, id=2916, stack(0x0000007a95400000,0x0000007a95500000)]
  0x000001b0ac7bb800 JavaThread "C1 CompilerThread0" daemon [_thread_blocked, id=6420, stack(0x0000007a95500000,0x0000007a95600000)]
  0x000001b0ac7bf000 JavaThread "Sweeper thread" daemon [_thread_blocked, id=8640, stack(0x0000007a95600000,0x0000007a95700000)]
  0x000001b0ac926000 JavaThread "Common-Cleaner" daemon [_thread_blocked, id=8880, stack(0x0000007a95700000,0x0000007a95800000)]
  0x000001b0ae213800 JavaThread "Daemon health stats" [_thread_blocked, id=2488, stack(0x0000007a95c00000,0x0000007a95d00000)]
  0x000001b0adbad000 JavaThread "Incoming local TCP Connector on port 60638" [_thread_in_native, id=3332, stack(0x0000007a95d00000,0x0000007a95e00000)]
  0x000001b0adf31000 JavaThread "Daemon periodic checks" [_thread_blocked, id=3240, stack(0x0000007a95e00000,0x0000007a95f00000)]
  0x000001b0ad82b800 JavaThread "Daemon" [_thread_blocked, id=7404, stack(0x0000007a95f00000,0x0000007a96000000)]
  0x000001b0ae784800 JavaThread "Handler for socket connection from /127.0.0.1:60638 to /127.0.0.1:60639" [_thread_in_native, id=8920, stack(0x0000007a96000000,0x0000007a96100000)]
  0x000001b0ad4ea000 JavaThread "Cancel handler" [_thread_blocked, id=944, stack(0x0000007a96100000,0x0000007a96200000)]
  0x000001b0adb66000 JavaThread "Daemon worker" [_thread_blocked, id=6912, stack(0x0000007a96200000,0x0000007a96300000)]
  0x000001b0ada56800 JavaThread "Asynchronous log dispatcher for DefaultDaemonConnection: socket connection from /127.0.0.1:60638 to /127.0.0.1:60639" [_thread_blocked, id=6208, stack(0x0000007a96300000,0x0000007a96400000)]
  0x000001b0ade24000 JavaThread "Stdin handler" [_thread_blocked, id=8400, stack(0x0000007a96400000,0x0000007a96500000)]
  0x000001b0ad69a800 JavaThread "Daemon client event forwarder" [_thread_blocked, id=9072, stack(0x0000007a96500000,0x0000007a96600000)]
  0x000001b0ad69c800 JavaThread "Cache worker for journal cache (C:\Users\Vismut\.gradle\caches\journal-1)" [_thread_blocked, id=3328, stack(0x0000007a96600000,0x0000007a96700000)]
  0x000001b0ad697800 JavaThread "File lock request listener" [_thread_in_native, id=4108, stack(0x0000007a96700000,0x0000007a96800000)]
  0x000001b0ad698800 JavaThread "Cache worker for file hash cache (C:\Users\Vismut\.gradle\caches\7.4\fileHashes)" [_thread_blocked, id=6304, stack(0x0000007a96800000,0x0000007a96900000)]
  0x000001b0ad69b800 JavaThread "File watcher server" daemon [_thread_in_native, id=3244, stack(0x0000007a96900000,0x0000007a96a00000)]
  0x000001b0ad69e000 JavaThread "File watcher consumer" daemon [_thread_blocked, id=3508, stack(0x0000007a96a00000,0x0000007a96b00000)]
  0x000001b0ad69a000 JavaThread "Cache worker for checksums cache (C:\Users\Vismut\IdeaProjects\demo\.gradle\7.4\checksums)" [_thread_blocked, id=2592, stack(0x0000007a96b00000,0x0000007a96c00000)]
  0x000001b0ad699000 JavaThread "Cache worker for cache directory md-rule (C:\Users\Vismut\.gradle\caches\7.4\md-rule)" [_thread_blocked, id=7248, stack(0x0000007a96c00000,0x0000007a96d00000)]
  0x000001b0ad69d000 JavaThread "Cache worker for file hash cache (C:\Users\Vismut\IdeaProjects\demo\.gradle\7.4\fileHashes)" [_thread_blocked, id=1488, stack(0x0000007a96d00000,0x0000007a96e00000)]
  0x000001b0af0e4800 JavaThread "Cache worker for cache directory md-supplier (C:\Users\Vismut\.gradle\caches\7.4\md-supplier)" [_thread_blocked, id=2208, stack(0x0000007a96e00000,0x0000007a96f00000)]
  0x000001b0af0e2800 JavaThread "Cache worker for execution history cache (C:\Users\Vismut\.gradle\caches\7.4\executionHistory)" [_thread_blocked, id=3408, stack(0x0000007a96f00000,0x0000007a97000000)]
  0x000001b0af0e5800 JavaThread "jar transforms" [_thread_blocked, id=3284, stack(0x0000007a97000000,0x0000007a97100000)]
  0x000001b0af0e6800 JavaThread "jar transforms Thread 2" [_thread_blocked, id=9108, stack(0x0000007a97100000,0x0000007a97200000)]
  0x000001b0af0e3000 JavaThread "Cache worker for file content cache (C:\Users\Vismut\.gradle\caches\7.4\fileContent)" [_thread_blocked, id=1148, stack(0x0000007a97200000,0x0000007a97300000)]
  0x000001b0af0e9000 JavaThread "jar transforms Thread 3" [_thread_blocked, id=2776, stack(0x0000007a97300000,0x0000007a97400000)]
  0x000001b0af0e9800 JavaThread "jar transforms Thread 4" [_thread_blocked, id=5320, stack(0x0000007a97400000,0x0000007a97500000)]
  0x000001b0af0e4000 JavaThread "Cache worker for dependencies-accessors (C:\Users\Vismut\IdeaProjects\demo\.gradle\7.4\dependencies-accessors)" [_thread_blocked, id=8308, stack(0x0000007a97500000,0x0000007a97600000)]
  0x000001b0af0ed000 JavaThread "Cache worker for Build Output Cleanup Cache (C:\Users\Vismut\IdeaProjects\demo\.gradle\buildOutputCleanup)" [_thread_blocked, id=7352, stack(0x0000007a97600000,0x0000007a97700000)]
  0x000001b0af0ee800 JavaThread "Unconstrained build operations" [_thread_blocked, id=8616, stack(0x0000007a97700000,0x0000007a97800000)]
  0x000001b0af0eb800 JavaThread "Unconstrained build operations Thread 2" [_thread_blocked, id=7340, stack(0x0000007a97800000,0x0000007a97900000)]
  0x000001b0af0ef800 JavaThread "Unconstrained build operations Thread 3" [_thread_blocked, id=4476, stack(0x0000007a97900000,0x0000007a97a00000)]
  0x000001b0af0ea800 JavaThread "Unconstrained build operations Thread 4" [_thread_blocked, id=6840, stack(0x0000007a97a00000,0x0000007a97b00000)]
  0x000001b0af0ed800 JavaThread "Unconstrained build operations Thread 5" [_thread_blocked, id=2932, stack(0x0000007a97b00000,0x0000007a97c00000)]
  0x000001b0af0ec000 JavaThread "Unconstrained build operations Thread 6" [_thread_blocked, id=2980, stack(0x0000007a97c00000,0x0000007a97d00000)]
  0x000001b0aebe5000 JavaThread "Unconstrained build operations Thread 7" [_thread_blocked, id=3388, stack(0x0000007a97d00000,0x0000007a97e00000)]
  0x000001b0aebe2000 JavaThread "Unconstrained build operations Thread 8" [_thread_blocked, id=6932, stack(0x0000007a97e00000,0x0000007a97f00000)]
  0x000001b0aebe3800 JavaThread "Unconstrained build operations Thread 9" [_thread_blocked, id=8988, stack(0x0000007a97f00000,0x0000007a98000000)]
  0x000001b0aebe6000 JavaThread "Unconstrained build operations Thread 10" [_thread_blocked, id=3872, stack(0x0000007a98000000,0x0000007a98100000)]
  0x000001b0aebe3000 JavaThread "Unconstrained build operations Thread 11" [_thread_blocked, id=3060, stack(0x0000007a98100000,0x0000007a98200000)]
  0x000001b0aebe4800 JavaThread "Unconstrained build operations Thread 12" [_thread_blocked, id=8152, stack(0x0000007a98200000,0x0000007a98300000)]
  0x000001b0aebe0800 JavaThread "Unconstrained build operations Thread 13" [_thread_blocked, id=2512, stack(0x0000007a98300000,0x0000007a98400000)]
  0x000001b0aebe7000 JavaThread "Unconstrained build operations Thread 14" [_thread_blocked, id=1612, stack(0x0000007a98400000,0x0000007a98500000)]
  0x000001b0aebe1000 JavaThread "Unconstrained build operations Thread 15" [_thread_blocked, id=8324, stack(0x0000007a98500000,0x0000007a98600000)]
  0x000001b0aebea000 JavaThread "Unconstrained build operations Thread 16" [_thread_blocked, id=8892, stack(0x0000007a98600000,0x0000007a98700000)]
  0x000001b0aebeb000 JavaThread "Unconstrained build operations Thread 17" [_thread_blocked, id=4600, stack(0x0000007a98700000,0x0000007a98800000)]
  0x000001b0aebeb800 JavaThread "Unconstrained build operations Thread 18" [_thread_blocked, id=1760, stack(0x0000007a98800000,0x0000007a98900000)]
  0x000001b0aebec800 JavaThread "Unconstrained build operations Thread 19" [_thread_blocked, id=6432, stack(0x0000007a98900000,0x0000007a98a00000)]
  0x000001b0aebed800 JavaThread "Memory manager" [_thread_blocked, id=9000, stack(0x0000007a98a00000,0x0000007a98b00000)]
  0x000001b0aebe7800 JavaThread "included builds" [_thread_in_vm, id=7784, stack(0x0000007a98b00000,0x0000007a98c00000)]
  0x000001b0aebe8800 JavaThread "Execution worker for ':'" [_thread_blocked, id=3988, stack(0x0000007a98c00000,0x0000007a98d00000)]
  0x000001b0aebee000 JavaThread "Execution worker for ':' Thread 2" [_thread_blocked, id=1936, stack(0x0000007a98d00000,0x0000007a98e00000)]
  0x000001b0aebef000 JavaThread "Execution worker for ':' Thread 3" [_thread_blocked, id=7432, stack(0x0000007a98e00000,0x0000007a98f00000)]
  0x000001b0aebe9800 JavaThread "Cache worker for execution history cache (C:\Users\Vismut\IdeaProjects\demo\.gradle\7.4\executionHistory)" [_thread_blocked, id=1432, stack(0x0000007a98f00000,0x0000007a99000000)]

Other Threads:
  0x000001b0ac761800 VMThread "VM Thread" [stack: 0x0000007a94e00000,0x0000007a94f00000] [id=3968]
  0x000001b0ac964800 WatcherThread [stack: 0x0000007a95800000,0x0000007a95900000] [id=7208]
  0x000001b090169000 GCTaskThread "GC Thread#0" [stack: 0x0000007a94900000,0x0000007a94a00000] [id=3892]
  0x000001b0ad1ea000 GCTaskThread "GC Thread#1" [stack: 0x0000007a95900000,0x0000007a95a00000] [id=3248]
  0x000001b0ad19c800 GCTaskThread "GC Thread#2" [stack: 0x0000007a95a00000,0x0000007a95b00000] [id=8700]
  0x000001b0aca8a800 GCTaskThread "GC Thread#3" [stack: 0x0000007a95b00000,0x0000007a95c00000] [id=6640]
  0x000001b090175800 ConcurrentGCThread "G1 Main Marker" [stack: 0x0000007a94a00000,0x0000007a94b00000] [id=7780]
  0x000001b090177000 ConcurrentGCThread "G1 Conc#0" [stack: 0x0000007a94b00000,0x0000007a94c00000] [id=6400]
  0x000001b0abdc4800 ConcurrentGCThread "G1 Refine#0" [stack: 0x0000007a94c00000,0x0000007a94d00000] [id=5656]
  0x000001b09021e000 ConcurrentGCThread "G1 Young RemSet Sampling" [stack: 0x0000007a94d00000,0x0000007a94e00000] [id=4932]

Threads with active compile tasks:
C2 CompilerThread0  34235 4964       4       com.sun.beans.TypeResolver::resolve (37 bytes)
C1 CompilerThread0  34235 5076       3       java.lang.invoke.MethodHandles::identity (87 bytes)

VM state:not at safepoint (normal execution)

VM Mutex/Monitor currently owned by a thread:  ([mutex/lock_event])
[0x000001b0901485f0] CodeCache_lock - owner thread: 0x000001b0ac7bb800
[0x000001b09014e8e0] Compile_lock - owner thread: 0x000001b0ac7bb800

Heap address: 0x00000000e0000000, size: 512 MB, Compressed Oops mode: 32-bit
Narrow klass base: 0x0000000000000000, Narrow klass shift: 3
Compressed class space size: 260046848 Address: 0x0000000100000000

Heap:
 garbage-first heap   total 262144K, used 143906K [0x00000000e0000000, 0x0000000100000000)
  region size 1024K, 126 young (129024K), 15 survivors (15360K)
 Metaspace       used 54652K, capacity 56401K, committed 56704K, reserved 303104K
  class space    used 7298K, capacity 7978K, committed 8064K, reserved 253952K
Heap Regions: E=young(eden), S=young(survivor), O=old, HS=humongous(starts), HC=humongous(continues), CS=collection set, F=free, A=archive, TAMS=top-at-mark-start (previous, next)
|   0|0x00000000e0000000, 0x00000000e0100000, 0x00000000e0100000|100%|HS|  |TAMS 0x00000000e0100000, 0x00000000e0000000| Complete 
|   1|0x00000000e0100000, 0x00000000e0200000, 0x00000000e0200000|100%|HC|  |TAMS 0x00000000e0200000, 0x00000000e0100000| Complete 
|   2|0x00000000e0200000, 0x00000000e0300000, 0x00000000e0300000|100%|HC|  |TAMS 0x00000000e0300000, 0x00000000e0200000| Complete 
|   3|0x00000000e0300000, 0x00000000e0400000, 0x00000000e0400000|100%| O|  |TAMS 0x00000000e0400000, 0x00000000e0300000| Untracked 
|   4|0x00000000e0400000, 0x00000000e0500000, 0x00000000e0500000|100%| O|  |TAMS 0x00000000e0500000, 0x00000000e0400000| Untracked 
|   5|0x00000000e0500000, 0x00000000e0600000, 0x00000000e0600000|100%| O|  |TAMS 0x00000000e0600000, 0x00000000e0500000| Untracked 
|   6|0x00000000e0600000, 0x00000000e0700000, 0x00000000e0700000|100%| O|  |TAMS 0x00000000e0700000, 0x00000000e0600000| Untracked 
|   7|0x00000000e0700000, 0x00000000e0800000, 0x00000000e0800000|100%| O|  |TAMS 0x00000000e0800000, 0x00000000e0700000| Untracked 
|   8|0x00000000e0800000, 0x00000000e0900000, 0x00000000e0900000|100%| O|  |TAMS 0x00000000e0900000, 0x00000000e0800000| Untracked 
|   9|0x00000000e0900000, 0x00000000e0a00000, 0x00000000e0a00000|100%| O|  |TAMS 0x00000000e0a00000, 0x00000000e0900000| Untracked 
|  10|0x00000000e0a00000, 0x00000000e0b00000, 0x00000000e0b00000|100%| O|  |TAMS 0x00000000e0b00000, 0x00000000e0a00000| Untracked 
|  11|0x00000000e0b00000, 0x00000000e0c00000, 0x00000000e0c00000|100%| O|  |TAMS 0x00000000e0c00000, 0x00000000e0b00000| Untracked 
|  12|0x00000000e0c00000, 0x00000000e0d00000, 0x00000000e0d00000|100%| O|  |TAMS 0x00000000e0d00000, 0x00000000e0c00000| Untracked 
|  13|0x00000000e0d00000, 0x00000000e0e00000, 0x00000000e0e00000|100%| O|  |TAMS 0x00000000e0e00000, 0x00000000e0d00000| Untracked 
|  14|0x00000000e0e00000, 0x00000000e0f00000, 0x00000000e0f00000|100%| O|  |TAMS 0x00000000e0f00000, 0x00000000e0e00000| Untracked 
|  15|0x00000000e0f00000, 0x00000000e1000000, 0x00000000e1000000|100%| O|  |TAMS 0x00000000e1000000, 0x00000000e0f00000| Untracked 
|  16|0x00000000e1000000, 0x00000000e1048a00, 0x00000000e1100000| 28%| O|  |TAMS 0x00000000e1048a00, 0x00000000e1000000| Untracked 
|  17|0x00000000e1100000, 0x00000000e1100000, 0x00000000e1200000|  0%| F|  |TAMS 0x00000000e1100000, 0x00000000e1100000| Untracked 
|  18|0x00000000e1200000, 0x00000000e1200000, 0x00000000e1300000|  0%| F|  |TAMS 0x00000000e1200000, 0x00000000e1200000| Untracked 
|  19|0x00000000e1300000, 0x00000000e1300000, 0x00000000e1400000|  0%| F|  |TAMS 0x00000000e1300000, 0x00000000e1300000| Untracked 
|  20|0x00000000e1400000, 0x00000000e1400000, 0x00000000e1500000|  0%| F|  |TAMS 0x00000000e1400000, 0x00000000e1400000| Untracked 
|  21|0x00000000e1500000, 0x00000000e1500000, 0x00000000e1600000|  0%| F|  |TAMS 0x00000000e1500000, 0x00000000e1500000| Untracked 
|  22|0x00000000e1600000, 0x00000000e1600000, 0x00000000e1700000|  0%| F|  |TAMS 0x00000000e1600000, 0x00000000e1600000| Untracked 
|  23|0x00000000e1700000, 0x00000000e1700000, 0x00000000e1800000|  0%| F|  |TAMS 0x00000000e1700000, 0x00000000e1700000| Untracked 
|  24|0x00000000e1800000, 0x00000000e1800000, 0x00000000e1900000|  0%| F|  |TAMS 0x00000000e1800000, 0x00000000e1800000| Untracked 
|  25|0x00000000e1900000, 0x00000000e1900000, 0x00000000e1a00000|  0%| F|  |TAMS 0x00000000e1900000, 0x00000000e1900000| Untracked 
|  26|0x00000000e1a00000, 0x00000000e1a00000, 0x00000000e1b00000|  0%| F|  |TAMS 0x00000000e1a00000, 0x00000000e1a00000| Untracked 
|  27|0x00000000e1b00000, 0x00000000e1b00000, 0x00000000e1c00000|  0%| F|  |TAMS 0x00000000e1b00000, 0x00000000e1b00000| Untracked 
|  28|0x00000000e1c00000, 0x00000000e1c00000, 0x00000000e1d00000|  0%| F|  |TAMS 0x00000000e1c00000, 0x00000000e1c00000| Untracked 
|  29|0x00000000e1d00000, 0x00000000e1d00000, 0x00000000e1e00000|  0%| F|  |TAMS 0x00000000e1d00000, 0x00000000e1d00000| Untracked 
|  30|0x00000000e1e00000, 0x00000000e1e00000, 0x00000000e1f00000|  0%| F|  |TAMS 0x00000000e1e00000, 0x00000000e1e00000| Untracked 
|  31|0x00000000e1f00000, 0x00000000e1f00000, 0x00000000e2000000|  0%| F|  |TAMS 0x00000000e1f00000, 0x00000000e1f00000| Untracked 
|  32|0x00000000e2000000, 0x00000000e2000000, 0x00000000e2100000|  0%| F|  |TAMS 0x00000000e2000000, 0x00000000e2000000| Untracked 
|  33|0x00000000e2100000, 0x00000000e2100000, 0x00000000e2200000|  0%| F|  |TAMS 0x00000000e2100000, 0x00000000e2100000| Untracked 
|  34|0x00000000e2200000, 0x00000000e2200000, 0x00000000e2300000|  0%| F|  |TAMS 0x00000000e2200000, 0x00000000e2200000| Untracked 
|  35|0x00000000e2300000, 0x00000000e2300000, 0x00000000e2400000|  0%| F|  |TAMS 0x00000000e2300000, 0x00000000e2300000| Untracked 
|  36|0x00000000e2400000, 0x00000000e2400000, 0x00000000e2500000|  0%| F|  |TAMS 0x00000000e2400000, 0x00000000e2400000| Untracked 
|  37|0x00000000e2500000, 0x00000000e2500000, 0x00000000e2600000|  0%| F|  |TAMS 0x00000000e2500000, 0x00000000e2500000| Untracked 
|  38|0x00000000e2600000, 0x00000000e2600000, 0x00000000e2700000|  0%| F|  |TAMS 0x00000000e2600000, 0x00000000e2600000| Untracked 
|  39|0x00000000e2700000, 0x00000000e2700000, 0x00000000e2800000|  0%| F|  |TAMS 0x00000000e2700000, 0x00000000e2700000| Untracked 
|  40|0x00000000e2800000, 0x00000000e2800000, 0x00000000e2900000|  0%| F|  |TAMS 0x00000000e2800000, 0x00000000e2800000| Untracked 
|  41|0x00000000e2900000, 0x00000000e2900000, 0x00000000e2a00000|  0%| F|  |TAMS 0x00000000e2900000, 0x00000000e2900000| Untracked 
|  42|0x00000000e2a00000, 0x00000000e2a00000, 0x00000000e2b00000|  0%| F|  |TAMS 0x00000000e2a00000, 0x00000000e2a00000| Untracked 
|  43|0x00000000e2b00000, 0x00000000e2b00000, 0x00000000e2c00000|  0%| F|  |TAMS 0x00000000e2b00000, 0x00000000e2b00000| Untracked 
|  44|0x00000000e2c00000, 0x00000000e2c00000, 0x00000000e2d00000|  0%| F|  |TAMS 0x00000000e2c00000, 0x00000000e2c00000| Untracked 
|  45|0x00000000e2d00000, 0x00000000e2d00000, 0x00000000e2e00000|  0%| F|  |TAMS 0x00000000e2d00000, 0x00000000e2d00000| Untracked 
|  46|0x00000000e2e00000, 0x00000000e2e00000, 0x00000000e2f00000|  0%| F|  |TAMS 0x00000000e2e00000, 0x00000000e2e00000| Untracked 
|  47|0x00000000e2f00000, 0x00000000e2f00000, 0x00000000e3000000|  0%| F|  |TAMS 0x00000000e2f00000, 0x00000000e2f00000| Untracked 
|  48|0x00000000e3000000, 0x00000000e3000000, 0x00000000e3100000|  0%| F|  |TAMS 0x00000000e3000000, 0x00000000e3000000| Untracked 
|  49|0x00000000e3100000, 0x00000000e3100000, 0x00000000e3200000|  0%| F|  |TAMS 0x00000000e3100000, 0x00000000e3100000| Untracked 
|  50|0x00000000e3200000, 0x00000000e3200000, 0x00000000e3300000|  0%| F|  |TAMS 0x00000000e3200000, 0x00000000e3200000| Untracked 
|  51|0x00000000e3300000, 0x00000000e3300000, 0x00000000e3400000|  0%| F|  |TAMS 0x00000000e3300000, 0x00000000e3300000| Untracked 
|  52|0x00000000e3400000, 0x00000000e3400000, 0x00000000e3500000|  0%| F|  |TAMS 0x00000000e3400000, 0x00000000e3400000| Untracked 
|  53|0x00000000e3500000, 0x00000000e3500000, 0x00000000e3600000|  0%| F|  |TAMS 0x00000000e3500000, 0x00000000e3500000| Untracked 
|  54|0x00000000e3600000, 0x00000000e3600000, 0x00000000e3700000|  0%| F|  |TAMS 0x00000000e3600000, 0x00000000e3600000| Untracked 
|  55|0x00000000e3700000, 0x00000000e3700000, 0x00000000e3800000|  0%| F|  |TAMS 0x00000000e3700000, 0x00000000e3700000| Untracked 
|  56|0x00000000e3800000, 0x00000000e3800000, 0x00000000e3900000|  0%| F|  |TAMS 0x00000000e3800000, 0x00000000e3800000| Untracked 
|  57|0x00000000e3900000, 0x00000000e3900000, 0x00000000e3a00000|  0%| F|  |TAMS 0x00000000e3900000, 0x00000000e3900000| Untracked 
|  58|0x00000000e3a00000, 0x00000000e3a00000, 0x00000000e3b00000|  0%| F|  |TAMS 0x00000000e3a00000, 0x00000000e3a00000| Untracked 
|  59|0x00000000e3b00000, 0x00000000e3b00000, 0x00000000e3c00000|  0%| F|  |TAMS 0x00000000e3b00000, 0x00000000e3b00000| Untracked 
|  60|0x00000000e3c00000, 0x00000000e3c00000, 0x00000000e3d00000|  0%| F|  |TAMS 0x00000000e3c00000, 0x00000000e3c00000| Untracked 
|  61|0x00000000e3d00000, 0x00000000e3d00000, 0x00000000e3e00000|  0%| F|  |TAMS 0x00000000e3d00000, 0x00000000e3d00000| Untracked 
|  62|0x00000000e3e00000, 0x00000000e3e00000, 0x00000000e3f00000|  0%| F|  |TAMS 0x00000000e3e00000, 0x00000000e3e00000| Untracked 
|  63|0x00000000e3f00000, 0x00000000e3f00000, 0x00000000e4000000|  0%| F|  |TAMS 0x00000000e3f00000, 0x00000000e3f00000| Untracked 
|  64|0x00000000e4000000, 0x00000000e4000000, 0x00000000e4100000|  0%| F|  |TAMS 0x00000000e4000000, 0x00000000e4000000| Untracked 
|  65|0x00000000e4100000, 0x00000000e4100000, 0x00000000e4200000|  0%| F|  |TAMS 0x00000000e4100000, 0x00000000e4100000| Untracked 
|  66|0x00000000e4200000, 0x00000000e4200000, 0x00000000e4300000|  0%| F|  |TAMS 0x00000000e4200000, 0x00000000e4200000| Untracked 
|  67|0x00000000e4300000, 0x00000000e4300000, 0x00000000e4400000|  0%| F|  |TAMS 0x00000000e4300000, 0x00000000e4300000| Untracked 
|  68|0x00000000e4400000, 0x00000000e4400000, 0x00000000e4500000|  0%| F|  |TAMS 0x00000000e4400000, 0x00000000e4400000| Untracked 
|  69|0x00000000e4500000, 0x00000000e4500000, 0x00000000e4600000|  0%| F|  |TAMS 0x00000000e4500000, 0x00000000e4500000| Untracked 
|  70|0x00000000e4600000, 0x00000000e4600000, 0x00000000e4700000|  0%| F|  |TAMS 0x00000000e4600000, 0x00000000e4600000| Untracked 
|  71|0x00000000e4700000, 0x00000000e4700000, 0x00000000e4800000|  0%| F|  |TAMS 0x00000000e4700000, 0x00000000e4700000| Untracked 
|  72|0x00000000e4800000, 0x00000000e4800000, 0x00000000e4900000|  0%| F|  |TAMS 0x00000000e4800000, 0x00000000e4800000| Untracked 
|  73|0x00000000e4900000, 0x00000000e4900000, 0x00000000e4a00000|  0%| F|  |TAMS 0x00000000e4900000, 0x00000000e4900000| Untracked 
|  74|0x00000000e4a00000, 0x00000000e4a00000, 0x00000000e4b00000|  0%| F|  |TAMS 0x00000000e4a00000, 0x00000000e4a00000| Untracked 
|  75|0x00000000e4b00000, 0x00000000e4b00000, 0x00000000e4c00000|  0%| F|  |TAMS 0x00000000e4b00000, 0x00000000e4b00000| Untracked 
|  76|0x00000000e4c00000, 0x00000000e4c00000, 0x00000000e4d00000|  0%| F|  |TAMS 0x00000000e4c00000, 0x00000000e4c00000| Untracked 
|  77|0x00000000e4d00000, 0x00000000e4d00000, 0x00000000e4e00000|  0%| F|  |TAMS 0x00000000e4d00000, 0x00000000e4d00000| Untracked 
|  78|0x00000000e4e00000, 0x00000000e4e00000, 0x00000000e4f00000|  0%| F|  |TAMS 0x00000000e4e00000, 0x00000000e4e00000| Untracked 
|  79|0x00000000e4f00000, 0x00000000e4f00000, 0x00000000e5000000|  0%| F|  |TAMS 0x00000000e4f00000, 0x00000000e4f00000| Untracked 
|  80|0x00000000e5000000, 0x00000000e5000000, 0x00000000e5100000|  0%| F|  |TAMS 0x00000000e5000000, 0x00000000e5000000| Untracked 
|  81|0x00000000e5100000, 0x00000000e5100000, 0x00000000e5200000|  0%| F|  |TAMS 0x00000000e5100000, 0x00000000e5100000| Untracked 
|  82|0x00000000e5200000, 0x00000000e5200000, 0x00000000e5300000|  0%| F|  |TAMS 0x00000000e5200000, 0x00000000e5200000| Untracked 
|  83|0x00000000e5300000, 0x00000000e5300000, 0x00000000e5400000|  0%| F|  |TAMS 0x00000000e5300000, 0x00000000e5300000| Untracked 
|  84|0x00000000e5400000, 0x00000000e5400000, 0x00000000e5500000|  0%| F|  |TAMS 0x00000000e5400000, 0x00000000e5400000| Untracked 
|  85|0x00000000e5500000, 0x00000000e5500000, 0x00000000e5600000|  0%| F|  |TAMS 0x00000000e5500000, 0x00000000e5500000| Untracked 
|  86|0x00000000e5600000, 0x00000000e5600000, 0x00000000e5700000|  0%| F|  |TAMS 0x00000000e5600000, 0x00000000e5600000| Untracked 
|  87|0x00000000e5700000, 0x00000000e5700000, 0x00000000e5800000|  0%| F|  |TAMS 0x00000000e5700000, 0x00000000e5700000| Untracked 
|  88|0x00000000e5800000, 0x00000000e5840128, 0x00000000e5900000| 25%| S|CS|TAMS 0x00000000e5800000, 0x00000000e5800000| Complete 
|  89|0x00000000e5900000, 0x00000000e5a00000, 0x00000000e5a00000|100%| S|CS|TAMS 0x00000000e5900000, 0x00000000e5900000| Complete 
|  90|0x00000000e5a00000, 0x00000000e5b00000, 0x00000000e5b00000|100%| S|CS|TAMS 0x00000000e5a00000, 0x00000000e5a00000| Complete 
|  91|0x00000000e5b00000, 0x00000000e5c00000, 0x00000000e5c00000|100%| S|CS|TAMS 0x00000000e5b00000, 0x00000000e5b00000| Complete 
|  92|0x00000000e5c00000, 0x00000000e5d00000, 0x00000000e5d00000|100%| S|CS|TAMS 0x00000000e5c00000, 0x00000000e5c00000| Complete 
|  93|0x00000000e5d00000, 0x00000000e5e00000, 0x00000000e5e00000|100%| S|CS|TAMS 0x00000000e5d00000, 0x00000000e5d00000| Complete 
|  94|0x00000000e5e00000, 0x00000000e5f00000, 0x00000000e5f00000|100%| S|CS|TAMS 0x00000000e5e00000, 0x00000000e5e00000| Complete 
|  95|0x00000000e5f00000, 0x00000000e6000000, 0x00000000e6000000|100%| S|CS|TAMS 0x00000000e5f00000, 0x00000000e5f00000| Complete 
|  96|0x00000000e6000000, 0x00000000e6100000, 0x00000000e6100000|100%| S|CS|TAMS 0x00000000e6000000, 0x00000000e6000000| Complete 
|  97|0x00000000e6100000, 0x00000000e6200000, 0x00000000e6200000|100%| S|CS|TAMS 0x00000000e6100000, 0x00000000e6100000| Complete 
|  98|0x00000000e6200000, 0x00000000e6300000, 0x00000000e6300000|100%| S|CS|TAMS 0x00000000e6200000, 0x00000000e6200000| Complete 
|  99|0x00000000e6300000, 0x00000000e6400000, 0x00000000e6400000|100%| S|CS|TAMS 0x00000000e6300000, 0x00000000e6300000| Complete 
| 100|0x00000000e6400000, 0x00000000e6500000, 0x00000000e6500000|100%| S|CS|TAMS 0x00000000e6400000, 0x00000000e6400000| Complete 
| 101|0x00000000e6500000, 0x00000000e6600000, 0x00000000e6600000|100%| S|CS|TAMS 0x00000000e6500000, 0x00000000e6500000| Complete 
| 102|0x00000000e6600000, 0x00000000e6700000, 0x00000000e6700000|100%| S|CS|TAMS 0x00000000e6600000, 0x00000000e6600000| Complete 
| 103|0x00000000e6700000, 0x00000000e6700000, 0x00000000e6800000|  0%| F|  |TAMS 0x00000000e6700000, 0x00000000e6700000| Untracked 
| 104|0x00000000e6800000, 0x00000000e6800000, 0x00000000e6900000|  0%| F|  |TAMS 0x00000000e6800000, 0x00000000e6800000| Untracked 
| 105|0x00000000e6900000, 0x00000000e6900000, 0x00000000e6a00000|  0%| F|  |TAMS 0x00000000e6900000, 0x00000000e6900000| Untracked 
| 106|0x00000000e6a00000, 0x00000000e6a00000, 0x00000000e6b00000|  0%| F|  |TAMS 0x00000000e6a00000, 0x00000000e6a00000| Untracked 
| 107|0x00000000e6b00000, 0x00000000e6b00000, 0x00000000e6c00000|  0%| F|  |TAMS 0x00000000e6b00000, 0x00000000e6b00000| Untracked 
| 108|0x00000000e6c00000, 0x00000000e6c00000, 0x00000000e6d00000|  0%| F|  |TAMS 0x00000000e6c00000, 0x00000000e6c00000| Untracked 
| 109|0x00000000e6d00000, 0x00000000e6d00000, 0x00000000e6e00000|  0%| F|  |TAMS 0x00000000e6d00000, 0x00000000e6d00000| Untracked 
| 110|0x00000000e6e00000, 0x00000000e6e00000, 0x00000000e6f00000|  0%| F|  |TAMS 0x00000000e6e00000, 0x00000000e6e00000| Untracked 
| 111|0x00000000e6f00000, 0x00000000e6f00000, 0x00000000e7000000|  0%| F|  |TAMS 0x00000000e6f00000, 0x00000000e6f00000| Untracked 
| 112|0x00000000e7000000, 0x00000000e7000000, 0x00000000e7100000|  0%| F|  |TAMS 0x00000000e7000000, 0x00000000e7000000| Untracked 
| 113|0x00000000e7100000, 0x00000000e7100000, 0x00000000e7200000|  0%| F|  |TAMS 0x00000000e7100000, 0x00000000e7100000| Untracked 
| 114|0x00000000e7200000, 0x00000000e7200000, 0x00000000e7300000|  0%| F|  |TAMS 0x00000000e7200000, 0x00000000e7200000| Untracked 
| 115|0x00000000e7300000, 0x00000000e7300000, 0x00000000e7400000|  0%| F|  |TAMS 0x00000000e7300000, 0x00000000e7300000| Untracked 
| 116|0x00000000e7400000, 0x00000000e7400000, 0x00000000e7500000|  0%| F|  |TAMS 0x00000000e7400000, 0x00000000e7400000| Untracked 
| 117|0x00000000e7500000, 0x00000000e7500000, 0x00000000e7600000|  0%| F|  |TAMS 0x00000000e7500000, 0x00000000e7500000| Untracked 
| 118|0x00000000e7600000, 0x00000000e7600000, 0x00000000e7700000|  0%| F|  |TAMS 0x00000000e7600000, 0x00000000e7600000| Untracked 
| 119|0x00000000e7700000, 0x00000000e7700000, 0x00000000e7800000|  0%| F|  |TAMS 0x00000000e7700000, 0x00000000e7700000| Untracked 
| 120|0x00000000e7800000, 0x00000000e7800000, 0x00000000e7900000|  0%| F|  |TAMS 0x00000000e7800000, 0x00000000e7800000| Untracked 
| 121|0x00000000e7900000, 0x00000000e7900000, 0x00000000e7a00000|  0%| F|  |TAMS 0x00000000e7900000, 0x00000000e7900000| Untracked 
| 122|0x00000000e7a00000, 0x00000000e7a00000, 0x00000000e7b00000|  0%| F|  |TAMS 0x00000000e7a00000, 0x00000000e7a00000| Untracked 
| 123|0x00000000e7b00000, 0x00000000e7b00000, 0x00000000e7c00000|  0%| F|  |TAMS 0x00000000e7b00000, 0x00000000e7b00000| Untracked 
| 124|0x00000000e7c00000, 0x00000000e7c00000, 0x00000000e7d00000|  0%| F|  |TAMS 0x00000000e7c00000, 0x00000000e7c00000| Untracked 
| 125|0x00000000e7d00000, 0x00000000e7d00000, 0x00000000e7e00000|  0%| F|  |TAMS 0x00000000e7d00000, 0x00000000e7d00000| Untracked 
| 126|0x00000000e7e00000, 0x00000000e7e00000, 0x00000000e7f00000|  0%| F|  |TAMS 0x00000000e7e00000, 0x00000000e7e00000| Untracked 
| 127|0x00000000e7f00000, 0x00000000e7f00000, 0x00000000e8000000|  0%| F|  |TAMS 0x00000000e7f00000, 0x00000000e7f00000| Untracked 
| 128|0x00000000e8000000, 0x00000000e8000000, 0x00000000e8100000|  0%| F|  |TAMS 0x00000000e8000000, 0x00000000e8000000| Untracked 
| 129|0x00000000e8100000, 0x00000000e8100000, 0x00000000e8200000|  0%| F|  |TAMS 0x00000000e8100000, 0x00000000e8100000| Untracked 
| 130|0x00000000e8200000, 0x00000000e8200000, 0x00000000e8300000|  0%| F|  |TAMS 0x00000000e8200000, 0x00000000e8200000| Untracked 
| 131|0x00000000e8300000, 0x00000000e8300000, 0x00000000e8400000|  0%| F|  |TAMS 0x00000000e8300000, 0x00000000e8300000| Untracked 
| 132|0x00000000e8400000, 0x00000000e8400000, 0x00000000e8500000|  0%| F|  |TAMS 0x00000000e8400000, 0x00000000e8400000| Untracked 
| 133|0x00000000e8500000, 0x00000000e8500000, 0x00000000e8600000|  0%| F|  |TAMS 0x00000000e8500000, 0x00000000e8500000| Untracked 
| 134|0x00000000e8600000, 0x00000000e8600000, 0x00000000e8700000|  0%| F|  |TAMS 0x00000000e8600000, 0x00000000e8600000| Untracked 
| 135|0x00000000e8700000, 0x00000000e8700000, 0x00000000e8800000|  0%| F|  |TAMS 0x00000000e8700000, 0x00000000e8700000| Untracked 
| 136|0x00000000e8800000, 0x00000000e8800000, 0x00000000e8900000|  0%| F|  |TAMS 0x00000000e8800000, 0x00000000e8800000| Untracked 
| 137|0x00000000e8900000, 0x00000000e8900000, 0x00000000e8a00000|  0%| F|  |TAMS 0x00000000e8900000, 0x00000000e8900000| Untracked 
| 138|0x00000000e8a00000, 0x00000000e8a00000, 0x00000000e8b00000|  0%| F|  |TAMS 0x00000000e8a00000, 0x00000000e8a00000| Untracked 
| 139|0x00000000e8b00000, 0x00000000e8b00000, 0x00000000e8c00000|  0%| F|  |TAMS 0x00000000e8b00000, 0x00000000e8b00000| Untracked 
| 140|0x00000000e8c00000, 0x00000000e8c00000, 0x00000000e8d00000|  0%| F|  |TAMS 0x00000000e8c00000, 0x00000000e8c00000| Untracked 
| 141|0x00000000e8d00000, 0x00000000e8d00000, 0x00000000e8e00000|  0%| F|  |TAMS 0x00000000e8d00000, 0x00000000e8d00000| Untracked 
| 142|0x00000000e8e00000, 0x00000000e8e00000, 0x00000000e8f00000|  0%| F|  |TAMS 0x00000000e8e00000, 0x00000000e8e00000| Untracked 
| 143|0x00000000e8f00000, 0x00000000e8f00000, 0x00000000e9000000|  0%| F|  |TAMS 0x00000000e8f00000, 0x00000000e8f00000| Untracked 
| 144|0x00000000e9000000, 0x00000000e9000000, 0x00000000e9100000|  0%| F|  |TAMS 0x00000000e9000000, 0x00000000e9000000| Untracked 
| 145|0x00000000e9100000, 0x00000000e91ec238, 0x00000000e9200000| 92%| E|  |TAMS 0x00000000e9100000, 0x00000000e9100000| Complete 
| 146|0x00000000e9200000, 0x00000000e9300000, 0x00000000e9300000|100%| E|CS|TAMS 0x00000000e9200000, 0x00000000e9200000| Complete 
| 147|0x00000000e9300000, 0x00000000e9400000, 0x00000000e9400000|100%| E|CS|TAMS 0x00000000e9300000, 0x00000000e9300000| Complete 
| 148|0x00000000e9400000, 0x00000000e9500000, 0x00000000e9500000|100%| E|CS|TAMS 0x00000000e9400000, 0x00000000e9400000| Complete 
| 149|0x00000000e9500000, 0x00000000e9600000, 0x00000000e9600000|100%| E|CS|TAMS 0x00000000e9500000, 0x00000000e9500000| Complete 
| 150|0x00000000e9600000, 0x00000000e9700000, 0x00000000e9700000|100%| E|CS|TAMS 0x00000000e9600000, 0x00000000e9600000| Complete 
| 151|0x00000000e9700000, 0x00000000e9800000, 0x00000000e9800000|100%| E|CS|TAMS 0x00000000e9700000, 0x00000000e9700000| Complete 
| 152|0x00000000e9800000, 0x00000000e9900000, 0x00000000e9900000|100%| E|CS|TAMS 0x00000000e9800000, 0x00000000e9800000| Complete 
| 153|0x00000000e9900000, 0x00000000e9a00000, 0x00000000e9a00000|100%| E|CS|TAMS 0x00000000e9900000, 0x00000000e9900000| Complete 
| 154|0x00000000e9a00000, 0x00000000e9b00000, 0x00000000e9b00000|100%| E|CS|TAMS 0x00000000e9a00000, 0x00000000e9a00000| Complete 
| 155|0x00000000e9b00000, 0x00000000e9c00000, 0x00000000e9c00000|100%| E|CS|TAMS 0x00000000e9b00000, 0x00000000e9b00000| Complete 
| 156|0x00000000e9c00000, 0x00000000e9d00000, 0x00000000e9d00000|100%| E|CS|TAMS 0x00000000e9c00000, 0x00000000e9c00000| Complete 
| 157|0x00000000e9d00000, 0x00000000e9e00000, 0x00000000e9e00000|100%| E|CS|TAMS 0x00000000e9d00000, 0x00000000e9d00000| Complete 
| 158|0x00000000e9e00000, 0x00000000e9f00000, 0x00000000e9f00000|100%| E|CS|TAMS 0x00000000e9e00000, 0x00000000e9e00000| Complete 
| 159|0x00000000e9f00000, 0x00000000ea000000, 0x00000000ea000000|100%| E|CS|TAMS 0x00000000e9f00000, 0x00000000e9f00000| Complete 
| 160|0x00000000ea000000, 0x00000000ea100000, 0x00000000ea100000|100%| E|CS|TAMS 0x00000000ea000000, 0x00000000ea000000| Complete 
| 161|0x00000000ea100000, 0x00000000ea200000, 0x00000000ea200000|100%| E|CS|TAMS 0x00000000ea100000, 0x00000000ea100000| Complete 
| 162|0x00000000ea200000, 0x00000000ea300000, 0x00000000ea300000|100%| E|CS|TAMS 0x00000000ea200000, 0x00000000ea200000| Complete 
| 163|0x00000000ea300000, 0x00000000ea400000, 0x00000000ea400000|100%| E|CS|TAMS 0x00000000ea300000, 0x00000000ea300000| Complete 
| 164|0x00000000ea400000, 0x00000000ea500000, 0x00000000ea500000|100%| E|CS|TAMS 0x00000000ea400000, 0x00000000ea400000| Complete 
| 165|0x00000000ea500000, 0x00000000ea600000, 0x00000000ea600000|100%| E|CS|TAMS 0x00000000ea500000, 0x00000000ea500000| Complete 
| 166|0x00000000ea600000, 0x00000000ea700000, 0x00000000ea700000|100%| E|CS|TAMS 0x00000000ea600000, 0x00000000ea600000| Complete 
| 167|0x00000000ea700000, 0x00000000ea800000, 0x00000000ea800000|100%| E|CS|TAMS 0x00000000ea700000, 0x00000000ea700000| Complete 
| 168|0x00000000ea800000, 0x00000000ea900000, 0x00000000ea900000|100%| E|CS|TAMS 0x00000000ea800000, 0x00000000ea800000| Complete 
| 169|0x00000000ea900000, 0x00000000eaa00000, 0x00000000eaa00000|100%| E|CS|TAMS 0x00000000ea900000, 0x00000000ea900000| Complete 
| 170|0x00000000eaa00000, 0x00000000eab00000, 0x00000000eab00000|100%| E|CS|TAMS 0x00000000eaa00000, 0x00000000eaa00000| Complete 
| 171|0x00000000eab00000, 0x00000000eac00000, 0x00000000eac00000|100%| E|CS|TAMS 0x00000000eab00000, 0x00000000eab00000| Complete 
| 172|0x00000000eac00000, 0x00000000ead00000, 0x00000000ead00000|100%| E|CS|TAMS 0x00000000eac00000, 0x00000000eac00000| Complete 
| 173|0x00000000ead00000, 0x00000000eae00000, 0x00000000eae00000|100%| E|CS|TAMS 0x00000000ead00000, 0x00000000ead00000| Complete 
| 174|0x00000000eae00000, 0x00000000eaf00000, 0x00000000eaf00000|100%| E|CS|TAMS 0x00000000eae00000, 0x00000000eae00000| Complete 
| 175|0x00000000eaf00000, 0x00000000eb000000, 0x00000000eb000000|100%| E|CS|TAMS 0x00000000eaf00000, 0x00000000eaf00000| Complete 
| 176|0x00000000eb000000, 0x00000000eb100000, 0x00000000eb100000|100%| E|CS|TAMS 0x00000000eb000000, 0x00000000eb000000| Complete 
| 177|0x00000000eb100000, 0x00000000eb200000, 0x00000000eb200000|100%| E|CS|TAMS 0x00000000eb100000, 0x00000000eb100000| Complete 
| 178|0x00000000eb200000, 0x00000000eb300000, 0x00000000eb300000|100%| E|CS|TAMS 0x00000000eb200000, 0x00000000eb200000| Complete 
| 179|0x00000000eb300000, 0x00000000eb400000, 0x00000000eb400000|100%| E|CS|TAMS 0x00000000eb300000, 0x00000000eb300000| Complete 
| 180|0x00000000eb400000, 0x00000000eb500000, 0x00000000eb500000|100%| E|CS|TAMS 0x00000000eb400000, 0x00000000eb400000| Complete 
| 181|0x00000000eb500000, 0x00000000eb600000, 0x00000000eb600000|100%| E|CS|TAMS 0x00000000eb500000, 0x00000000eb500000| Complete 
| 182|0x00000000eb600000, 0x00000000eb700000, 0x00000000eb700000|100%| E|CS|TAMS 0x00000000eb600000, 0x00000000eb600000| Complete 
| 183|0x00000000eb700000, 0x00000000eb800000, 0x00000000eb800000|100%| E|CS|TAMS 0x00000000eb700000, 0x00000000eb700000| Complete 
| 184|0x00000000eb800000, 0x00000000eb900000, 0x00000000eb900000|100%| E|CS|TAMS 0x00000000eb800000, 0x00000000eb800000| Complete 
| 185|0x00000000eb900000, 0x00000000eba00000, 0x00000000eba00000|100%| E|CS|TAMS 0x00000000eb900000, 0x00000000eb900000| Complete 
| 186|0x00000000eba00000, 0x00000000ebb00000, 0x00000000ebb00000|100%| E|CS|TAMS 0x00000000eba00000, 0x00000000eba00000| Complete 
| 187|0x00000000ebb00000, 0x00000000ebc00000, 0x00000000ebc00000|100%| E|CS|TAMS 0x00000000ebb00000, 0x00000000ebb00000| Complete 
| 188|0x00000000ebc00000, 0x00000000ebd00000, 0x00000000ebd00000|100%| E|CS|TAMS 0x00000000ebc00000, 0x00000000ebc00000| Complete 
| 189|0x00000000ebd00000, 0x00000000ebe00000, 0x00000000ebe00000|100%| E|CS|TAMS 0x00000000ebd00000, 0x00000000ebd00000| Complete 
| 190|0x00000000ebe00000, 0x00000000ebf00000, 0x00000000ebf00000|100%| E|CS|TAMS 0x00000000ebe00000, 0x00000000ebe00000| Complete 
| 191|0x00000000ebf00000, 0x00000000ec000000, 0x00000000ec000000|100%| E|CS|TAMS 0x00000000ebf00000, 0x00000000ebf00000| Complete 
| 192|0x00000000ec000000, 0x00000000ec100000, 0x00000000ec100000|100%| E|CS|TAMS 0x00000000ec000000, 0x00000000ec000000| Complete 
| 193|0x00000000ec100000, 0x00000000ec200000, 0x00000000ec200000|100%| E|CS|TAMS 0x00000000ec100000, 0x00000000ec100000| Complete 
| 194|0x00000000ec200000, 0x00000000ec300000, 0x00000000ec300000|100%| E|CS|TAMS 0x00000000ec200000, 0x00000000ec200000| Complete 
| 195|0x00000000ec300000, 0x00000000ec400000, 0x00000000ec400000|100%| E|CS|TAMS 0x00000000ec300000, 0x00000000ec300000| Complete 
| 196|0x00000000ec400000, 0x00000000ec500000, 0x00000000ec500000|100%| E|CS|TAMS 0x00000000ec400000, 0x00000000ec400000| Complete 
| 197|0x00000000ec500000, 0x00000000ec600000, 0x00000000ec600000|100%| E|CS|TAMS 0x00000000ec500000, 0x00000000ec500000| Complete 
| 198|0x00000000ec600000, 0x00000000ec700000, 0x00000000ec700000|100%| E|CS|TAMS 0x00000000ec600000, 0x00000000ec600000| Complete 
| 199|0x00000000ec700000, 0x00000000ec800000, 0x00000000ec800000|100%| E|CS|TAMS 0x00000000ec700000, 0x00000000ec700000| Complete 
| 200|0x00000000ec800000, 0x00000000ec900000, 0x00000000ec900000|100%| E|CS|TAMS 0x00000000ec800000, 0x00000000ec800000| Complete 
| 201|0x00000000ec900000, 0x00000000eca00000, 0x00000000eca00000|100%| E|CS|TAMS 0x00000000ec900000, 0x00000000ec900000| Complete 
| 202|0x00000000eca00000, 0x00000000ecb00000, 0x00000000ecb00000|100%| E|CS|TAMS 0x00000000eca00000, 0x00000000eca00000| Complete 
| 203|0x00000000ecb00000, 0x00000000ecc00000, 0x00000000ecc00000|100%| E|CS|TAMS 0x00000000ecb00000, 0x00000000ecb00000| Complete 
| 204|0x00000000ecc00000, 0x00000000ecd00000, 0x00000000ecd00000|100%| E|CS|TAMS 0x00000000ecc00000, 0x00000000ecc00000| Complete 
| 205|0x00000000ecd00000, 0x00000000ece00000, 0x00000000ece00000|100%| E|CS|TAMS 0x00000000ecd00000, 0x00000000ecd00000| Complete 
| 206|0x00000000ece00000, 0x00000000ecf00000, 0x00000000ecf00000|100%| E|CS|TAMS 0x00000000ece00000, 0x00000000ece00000| Complete 
| 207|0x00000000ecf00000, 0x00000000ed000000, 0x00000000ed000000|100%| E|CS|TAMS 0x00000000ecf00000, 0x00000000ecf00000| Complete 
| 208|0x00000000ed000000, 0x00000000ed100000, 0x00000000ed100000|100%| E|CS|TAMS 0x00000000ed000000, 0x00000000ed000000| Complete 
| 209|0x00000000ed100000, 0x00000000ed200000, 0x00000000ed200000|100%| E|CS|TAMS 0x00000000ed100000, 0x00000000ed100000| Complete 
| 210|0x00000000ed200000, 0x00000000ed300000, 0x00000000ed300000|100%| E|CS|TAMS 0x00000000ed200000, 0x00000000ed200000| Complete 
| 211|0x00000000ed300000, 0x00000000ed400000, 0x00000000ed400000|100%| E|CS|TAMS 0x00000000ed300000, 0x00000000ed300000| Complete 
| 212|0x00000000ed400000, 0x00000000ed500000, 0x00000000ed500000|100%| E|CS|TAMS 0x00000000ed400000, 0x00000000ed400000| Complete 
| 213|0x00000000ed500000, 0x00000000ed600000, 0x00000000ed600000|100%| E|CS|TAMS 0x00000000ed500000, 0x00000000ed500000| Complete 
| 214|0x00000000ed600000, 0x00000000ed700000, 0x00000000ed700000|100%| E|CS|TAMS 0x00000000ed600000, 0x00000000ed600000| Complete 
| 215|0x00000000ed700000, 0x00000000ed800000, 0x00000000ed800000|100%| E|CS|TAMS 0x00000000ed700000, 0x00000000ed700000| Complete 
| 216|0x00000000ed800000, 0x00000000ed900000, 0x00000000ed900000|100%| E|CS|TAMS 0x00000000ed800000, 0x00000000ed800000| Complete 
| 217|0x00000000ed900000, 0x00000000eda00000, 0x00000000eda00000|100%| E|CS|TAMS 0x00000000ed900000, 0x00000000ed900000| Complete 
| 218|0x00000000eda00000, 0x00000000edb00000, 0x00000000edb00000|100%| E|CS|TAMS 0x00000000eda00000, 0x00000000eda00000| Complete 
| 219|0x00000000edb00000, 0x00000000edc00000, 0x00000000edc00000|100%| E|CS|TAMS 0x00000000edb00000, 0x00000000edb00000| Complete 
| 220|0x00000000edc00000, 0x00000000edd00000, 0x00000000edd00000|100%| E|CS|TAMS 0x00000000edc00000, 0x00000000edc00000| Complete 
| 221|0x00000000edd00000, 0x00000000ede00000, 0x00000000ede00000|100%| E|CS|TAMS 0x00000000edd00000, 0x00000000edd00000| Complete 
| 222|0x00000000ede00000, 0x00000000edf00000, 0x00000000edf00000|100%| E|CS|TAMS 0x00000000ede00000, 0x00000000ede00000| Complete 
| 223|0x00000000edf00000, 0x00000000ee000000, 0x00000000ee000000|100%| E|CS|TAMS 0x00000000edf00000, 0x00000000edf00000| Complete 
| 224|0x00000000ee000000, 0x00000000ee100000, 0x00000000ee100000|100%| E|CS|TAMS 0x00000000ee000000, 0x00000000ee000000| Complete 
| 225|0x00000000ee100000, 0x00000000ee200000, 0x00000000ee200000|100%| E|CS|TAMS 0x00000000ee100000, 0x00000000ee100000| Complete 
| 226|0x00000000ee200000, 0x00000000ee300000, 0x00000000ee300000|100%| E|CS|TAMS 0x00000000ee200000, 0x00000000ee200000| Complete 
| 227|0x00000000ee300000, 0x00000000ee400000, 0x00000000ee400000|100%| E|CS|TAMS 0x00000000ee300000, 0x00000000ee300000| Complete 
| 228|0x00000000ee400000, 0x00000000ee500000, 0x00000000ee500000|100%| E|CS|TAMS 0x00000000ee400000, 0x00000000ee400000| Complete 
| 229|0x00000000ee500000, 0x00000000ee600000, 0x00000000ee600000|100%| E|CS|TAMS 0x00000000ee500000, 0x00000000ee500000| Complete 
| 230|0x00000000ee600000, 0x00000000ee700000, 0x00000000ee700000|100%| E|CS|TAMS 0x00000000ee600000, 0x00000000ee600000| Complete 
| 231|0x00000000ee700000, 0x00000000ee800000, 0x00000000ee800000|100%| E|CS|TAMS 0x00000000ee700000, 0x00000000ee700000| Complete 
| 232|0x00000000ee800000, 0x00000000ee900000, 0x00000000ee900000|100%| E|CS|TAMS 0x00000000ee800000, 0x00000000ee800000| Complete 
| 233|0x00000000ee900000, 0x00000000eea00000, 0x00000000eea00000|100%| E|CS|TAMS 0x00000000ee900000, 0x00000000ee900000| Complete 
| 234|0x00000000eea00000, 0x00000000eeb00000, 0x00000000eeb00000|100%| E|CS|TAMS 0x00000000eea00000, 0x00000000eea00000| Complete 
| 235|0x00000000eeb00000, 0x00000000eec00000, 0x00000000eec00000|100%| E|CS|TAMS 0x00000000eeb00000, 0x00000000eeb00000| Complete 
| 236|0x00000000eec00000, 0x00000000eed00000, 0x00000000eed00000|100%| E|CS|TAMS 0x00000000eec00000, 0x00000000eec00000| Complete 
| 237|0x00000000eed00000, 0x00000000eee00000, 0x00000000eee00000|100%| E|CS|TAMS 0x00000000eed00000, 0x00000000eed00000| Complete 
| 238|0x00000000eee00000, 0x00000000eef00000, 0x00000000eef00000|100%| E|CS|TAMS 0x00000000eee00000, 0x00000000eee00000| Complete 
| 239|0x00000000eef00000, 0x00000000ef000000, 0x00000000ef000000|100%| E|CS|TAMS 0x00000000eef00000, 0x00000000eef00000| Complete 
| 240|0x00000000ef000000, 0x00000000ef100000, 0x00000000ef100000|100%| E|CS|TAMS 0x00000000ef000000, 0x00000000ef000000| Complete 
| 241|0x00000000ef100000, 0x00000000ef200000, 0x00000000ef200000|100%| E|CS|TAMS 0x00000000ef100000, 0x00000000ef100000| Complete 
| 242|0x00000000ef200000, 0x00000000ef300000, 0x00000000ef300000|100%| E|CS|TAMS 0x00000000ef200000, 0x00000000ef200000| Complete 
| 243|0x00000000ef300000, 0x00000000ef400000, 0x00000000ef400000|100%| E|CS|TAMS 0x00000000ef300000, 0x00000000ef300000| Complete 
| 244|0x00000000ef400000, 0x00000000ef500000, 0x00000000ef500000|100%| E|CS|TAMS 0x00000000ef400000, 0x00000000ef400000| Complete 
| 245|0x00000000ef500000, 0x00000000ef600000, 0x00000000ef600000|100%| E|CS|TAMS 0x00000000ef500000, 0x00000000ef500000| Complete 
| 246|0x00000000ef600000, 0x00000000ef700000, 0x00000000ef700000|100%| E|CS|TAMS 0x00000000ef600000, 0x00000000ef600000| Complete 
| 247|0x00000000ef700000, 0x00000000ef800000, 0x00000000ef800000|100%| E|CS|TAMS 0x00000000ef700000, 0x00000000ef700000| Complete 
| 248|0x00000000ef800000, 0x00000000ef900000, 0x00000000ef900000|100%| E|CS|TAMS 0x00000000ef800000, 0x00000000ef800000| Complete 
| 249|0x00000000ef900000, 0x00000000efa00000, 0x00000000efa00000|100%| E|CS|TAMS 0x00000000ef900000, 0x00000000ef900000| Complete 
| 250|0x00000000efa00000, 0x00000000efb00000, 0x00000000efb00000|100%| E|CS|TAMS 0x00000000efa00000, 0x00000000efa00000| Complete 
| 251|0x00000000efb00000, 0x00000000efc00000, 0x00000000efc00000|100%| E|CS|TAMS 0x00000000efb00000, 0x00000000efb00000| Complete 
| 252|0x00000000efc00000, 0x00000000efd00000, 0x00000000efd00000|100%| E|CS|TAMS 0x00000000efc00000, 0x00000000efc00000| Complete 
| 253|0x00000000efd00000, 0x00000000efe00000, 0x00000000efe00000|100%| E|CS|TAMS 0x00000000efd00000, 0x00000000efd00000| Complete 
| 254|0x00000000efe00000, 0x00000000eff00000, 0x00000000eff00000|100%| E|CS|TAMS 0x00000000efe00000, 0x00000000efe00000| Complete 
| 255|0x00000000eff00000, 0x00000000f0000000, 0x00000000f0000000|100%| E|CS|TAMS 0x00000000eff00000, 0x00000000eff00000| Complete 

Card table byte_map: [0x000001b0a8700000,0x000001b0a8800000] _byte_map_base: 0x000001b0a8000000

Marking Bits (Prev, Next): (CMBitMap*) 0x000001b090173078, (CMBitMap*) 0x000001b0901730b0
 Prev Bits: [0x000001b0a8900000, 0x000001b0a9100000)
 Next Bits: [0x000001b0a9100000, 0x000001b0a9900000)

Polling page: 0x000001b08ff20000

Metaspace:

Usage:
  Non-class:     47.29 MB capacity,    46.26 MB ( 98%) used,   890.68 KB (  2%) free+waste,   172.75 KB ( <1%) overhead. 
      Class:      7.79 MB capacity,     7.13 MB ( 91%) used,   592.42 KB (  7%) free+waste,    86.63 KB (  1%) overhead. 
       Both:     55.09 MB capacity,    53.39 MB ( 97%) used,     1.45 MB (  3%) free+waste,   259.38 KB ( <1%) overhead. 

Virtual space:
  Non-class space:       48.00 MB reserved,      47.50 MB ( 99%) committed 
      Class space:      248.00 MB reserved,       7.88 MB (  3%) committed 
             Both:      296.00 MB reserved,      55.38 MB ( 19%) committed 

Chunk freelists:
   Non-Class:  2.25 KB
       Class:  0 bytes
        Both:  2.25 KB

CodeHeap 'non-profiled nmethods': size=120064Kb used=2825Kb max_used=2825Kb free=117238Kb
 bounds [0x000001b0a0a90000, 0x000001b0a0d60000, 0x000001b0a7fd0000]
CodeHeap 'profiled nmethods': size=120000Kb used=10895Kb max_used=10895Kb free=109104Kb
 bounds [0x000001b099560000, 0x000001b09a010000, 0x000001b0a0a90000]
CodeHeap 'non-nmethods': size=5696Kb used=2234Kb max_used=2270Kb free=3461Kb
 bounds [0x000001b098fd0000, 0x000001b099240000, 0x000001b099560000]
 total_blobs=5864 nmethods=5049 adapters=726
 compilation: enabled
              stopped_count=0, restarted_count=0
 full_count=0

Compilation events (10 events):
Event: 32.933 Thread 0x000001b0ac7bb800 4990       1       org.codehaus.groovy.runtime.metaclass.MetaClassRegistryImpl::getMetaClassCreationHandler (5 bytes)
Event: 32.933 Thread 0x000001b0ac7bb800 nmethod 4990 0x000001b0a0d50710 code [0x000001b0a0d508a0, 0x000001b0a0d50958]
Event: 32.934 Thread 0x000001b0ac7bb800 4991       3       java.util.LinkedList$ListItr::set (28 bytes)
Event: 32.935 Thread 0x000001b0ac7bb800 nmethod 4991 0x000001b099fd8610 code [0x000001b099fd87e0, 0x000001b099fd8bd8]
Event: 32.939 Thread 0x000001b0ac7bb800 4992       1       java.lang.NamedPackage::packageName (5 bytes)
Event: 32.939 Thread 0x000001b0ac7bb800 nmethod 4992 0x000001b0a0d50a10 code [0x000001b0a0d50ba0, 0x000001b0a0d50c58]
Event: 33.130 Thread 0x000001b0ac7bb800 4993       3       com.google.common.cache.LocalCache$AccessQueue::peek (5 bytes)
Event: 33.131 Thread 0x000001b0ac7bb800 nmethod 4993 0x000001b099fd8d90 code [0x000001b099fd8f40, 0x000001b099fd91c8]
Event: 33.131 Thread 0x000001b0ac7bb800 4994       3       com.google.common.cache.LocalCache$AccessQueue::peek (24 bytes)
Event: 33.131 Thread 0x000001b0ac7bb800 nmethod 4994 0x000001b099fd9310 code [0x000001b099fd94c0, 0x000001b099fd96e8]

GC Heap History (10 events):
Event: 12.057 GC heap before
{Heap before GC invocations=3 (full 0):
 garbage-first heap   total 262144K, used 54440K [0x00000000e0000000, 0x0000000100000000)
  region size 1024K, 44 young (45056K), 4 survivors (4096K)
 Metaspace       used 17614K, capacity 17975K, committed 18176K, reserved 270336K
  class space    used 2102K, capacity 2211K, committed 2304K, reserved 253952K
}
Event: 12.071 GC heap after
{Heap after GC invocations=4 (full 0):
 garbage-first heap   total 262144K, used 17124K [0x00000000e0000000, 0x0000000100000000)
  region size 1024K, 6 young (6144K), 6 survivors (6144K)
 Metaspace       used 17614K, capacity 17975K, committed 18176K, reserved 270336K
  class space    used 2102K, capacity 2211K, committed 2304K, reserved 253952K
}
Event: 13.312 GC heap before
{Heap before GC invocations=4 (full 0):
 garbage-first heap   total 262144K, used 42724K [0x00000000e0000000, 0x0000000100000000)
  region size 1024K, 32 young (32768K), 6 survivors (6144K)
 Metaspace       used 20682K, capacity 21116K, committed 21248K, reserved 272384K
  class space    used 2563K, capacity 2731K, committed 2816K, reserved 253952K
}
Event: 13.321 GC heap after
{Heap after GC invocations=5 (full 0):
 garbage-first heap   total 262144K, used 17749K [0x00000000e0000000, 0x0000000100000000)
  region size 1024K, 5 young (5120K), 5 survivors (5120K)
 Metaspace       used 20682K, capacity 21116K, committed 21248K, reserved 272384K
  class space    used 2563K, capacity 2731K, committed 2816K, reserved 253952K
}
Event: 15.587 GC heap before
{Heap before GC invocations=6 (full 0):
 garbage-first heap   total 262144K, used 73045K [0x00000000e0000000, 0x0000000100000000)
  region size 1024K, 59 young (60416K), 5 survivors (5120K)
 Metaspace       used 26291K, capacity 26910K, committed 27008K, reserved 278528K
  class space    used 3447K, capacity 3671K, committed 3712K, reserved 253952K
}
Event: 15.597 GC heap after
{Heap after GC invocations=7 (full 0):
 garbage-first heap   total 262144K, used 19950K [0x00000000e0000000, 0x0000000100000000)
  region size 1024K, 4 young (4096K), 4 survivors (4096K)
 Metaspace       used 26291K, capacity 26910K, committed 27008K, reserved 278528K
  class space    used 3447K, capacity 3671K, committed 3712K, reserved 253952K
}
Event: 17.835 GC heap before
{Heap before GC invocations=7 (full 0):
 garbage-first heap   total 262144K, used 83438K [0x00000000e0000000, 0x0000000100000000)
  region size 1024K, 67 young (68608K), 4 survivors (4096K)
 Metaspace       used 34900K, capacity 35689K, committed 35840K, reserved 286720K
  class space    used 4572K, capacity 4900K, committed 4992K, reserved 253952K
}
Event: 17.847 GC heap after
{Heap after GC invocations=8 (full 0):
 garbage-first heap   total 262144K, used 22818K [0x00000000e0000000, 0x0000000100000000)
  region size 1024K, 6 young (6144K), 6 survivors (6144K)
 Metaspace       used 34900K, capacity 35689K, committed 35840K, reserved 286720K
  class space    used 4572K, capacity 4900K, committed 4992K, reserved 253952K
}
Event: 23.747 GC heap before
{Heap before GC invocations=9 (full 0):
 garbage-first heap   total 262144K, used 176418K [0x00000000e0000000, 0x0000000100000000)
  region size 1024K, 153 young (156672K), 6 survivors (6144K)
 Metaspace       used 46907K, capacity 48078K, committed 48256K, reserved 296960K
  class space    used 6066K, capacity 6497K, committed 6528K, reserved 253952K
}
Event: 23.776 GC heap after
{Heap after GC invocations=10 (full 0):
 garbage-first heap   total 262144K, used 31266K [0x00000000e0000000, 0x0000000100000000)
  region size 1024K, 15 young (15360K), 15 survivors (15360K)
 Metaspace       used 46907K, capacity 48078K, committed 48256K, reserved 296960K
  class space    used 6066K, capacity 6497K, committed 6528K, reserved 253952K
}

Deoptimization events (10 events):
Event: 29.628 Thread 0x000001b0adb66000 Uncommon trap: reason=bimorphic_or_optimized_type_check action=maybe_recompile pc=0x000001b0a0bec5dc method=java.util.Spliterators$IteratorSpliterator.tryAdvance(Ljava/util/function/Consumer;)Z @ 50 c2
Event: 29.680 Thread 0x000001b0adb66000 Uncommon trap: reason=unstable_if action=reinterpret pc=0x000001b0a0d13584 method=org.objectweb.asm.Type.getArgumentsAndReturnSizes(Ljava/lang/String;)I @ 117 c2
Event: 29.680 Thread 0x000001b0adb66000 Uncommon trap: reason=unstable_if action=reinterpret pc=0x000001b0a0d1f650 method=org.objectweb.asm.Frame.getAbstractTypeFromDescriptor(Lorg/objectweb/asm/SymbolTable;Ljava/lang/String;I)I @ 5 c2
Event: 29.839 Thread 0x000001b0adb66000 Uncommon trap: reason=unstable_if action=reinterpret pc=0x000001b0a0d0b248 method=java.util.TreeMap.put(Ljava/lang/Object;Ljava/lang/Object;)Ljava/lang/Object; @ 163 c2
Event: 30.244 Thread 0x000001b0adb66000 Uncommon trap: reason=bimorphic_or_optimized_type_check action=maybe_recompile pc=0x000001b0a0ce707c method=com.google.common.collect.AbstractIndexedListIterator.next()Ljava/lang/Object; @ 27 c2
Event: 30.411 Thread 0x000001b0adb66000 Uncommon trap: reason=bimorphic_or_optimized_type_check action=maybe_recompile pc=0x000001b0a0ce707c method=com.google.common.collect.AbstractIndexedListIterator.next()Ljava/lang/Object; @ 27 c2
Event: 30.411 Thread 0x000001b0adb66000 Uncommon trap: reason=bimorphic_or_optimized_type_check action=maybe_recompile pc=0x000001b0a0ce707c method=com.google.common.collect.AbstractIndexedListIterator.next()Ljava/lang/Object; @ 27 c2
Event: 30.411 Thread 0x000001b0adb66000 Uncommon trap: reason=bimorphic_or_optimized_type_check action=maybe_recompile pc=0x000001b0a0ce707c method=com.google.common.collect.AbstractIndexedListIterator.next()Ljava/lang/Object; @ 27 c2
Event: 31.885 Thread 0x000001b0aebe7800 Uncommon trap: reason=bimorphic_or_optimized_type_check action=maybe_recompile pc=0x000001b0a0bec5dc method=java.util.Spliterators$IteratorSpliterator.tryAdvance(Ljava/util/function/Consumer;)Z @ 50 c2
Event: 32.797 Thread 0x000001b0aebe7800 Uncommon trap: reason=class_check action=maybe_recompile pc=0x000001b0a0bdbca8 method=java.util.WeakHashMap.eq(Ljava/lang/Object;Ljava/lang/Object;)Z @ 7 c2

Classes redefined (0 events):
No events

Internal exceptions (10 events):
Event: 32.724 Thread 0x000001b0ad69a800 Exception <a 'java/lang/NoSuchMethodError'{0x00000000eff15110}: static Lorg/gradle/internal/build/event/types/DefaultTaskStartedProgressEvent;.<clinit>()V> (0x00000000eff15110) thrown at [./open/src/hotspot/share/prims/jni.cpp, line 1366]
Event: 32.727 Thread 0x000001b0ad69a800 Exception <a 'java/lang/NoSuchMethodError'{0x00000000eff16828}: static Lorg/gradle/internal/build/event/types/AbstractProgressEvent;.<clinit>()V> (0x00000000eff16828) thrown at [./open/src/hotspot/share/prims/jni.cpp, line 1366]
Event: 32.733 Thread 0x000001b0ad69a800 Exception <a 'java/lang/NoSuchMethodError'{0x00000000eff20ac8}: static Lorg/gradle/internal/build/event/types/DefaultTaskDescriptor;.<clinit>()V> (0x00000000eff20ac8) thrown at [./open/src/hotspot/share/prims/jni.cpp, line 1366]
Event: 32.795 Thread 0x000001b0aebe7800 Exception <a 'java/lang/ClassNotFoundException'{0x00000000e97d1c08}: java/lang/ClassBeanInfo> (0x00000000e97d1c08) thrown at [./open/src/hotspot/share/classfile/systemDictionary.cpp, line 226]
Event: 32.795 Thread 0x000001b0aebe7800 Exception <a 'java/lang/ClassNotFoundException'{0x00000000e97d9ae0}: java/lang/ClassCustomizer> (0x00000000e97d9ae0) thrown at [./open/src/hotspot/share/classfile/systemDictionary.cpp, line 226]
Event: 32.797 Thread 0x000001b0ad69a800 Exception <a 'java/lang/NoSuchMethodError'{0x00000000eff3e878}: static Lorg/gradle/internal/operations/OperationIdentifier;.<clinit>()V> (0x00000000eff3e878) thrown at [./open/src/hotspot/share/prims/jni.cpp, line 1366]
Event: 32.799 Thread 0x000001b0ad69a800 Exception <a 'java/lang/NoSuchMethodError'{0x00000000eff46800}: static Lorg/gradle/internal/build/event/types/DefaultBinaryPluginIdentifier;.<clinit>()V> (0x00000000eff46800) thrown at [./open/src/hotspot/share/prims/jni.cpp, line 1366]
Event: 32.924 Thread 0x000001b0aebe7800 Exception <a 'java/lang/ClassNotFoundException'{0x00000000e953dfb0}: java/lang/StringBeanInfo> (0x00000000e953dfb0) thrown at [./open/src/hotspot/share/classfile/systemDictionary.cpp, line 226]
Event: 32.925 Thread 0x000001b0aebe7800 Exception <a 'java/lang/ClassNotFoundException'{0x00000000e9546298}: java/lang/StringCustomizer> (0x00000000e9546298) thrown at [./open/src/hotspot/share/classfile/systemDictionary.cpp, line 226]
Event: 33.139 Thread 0x000001b0aebe7800 Exception <a 'java/lang/IncompatibleClassChangeError'{0x00000000e946f118}: Found class java.lang.Object, but interface was expected> (0x00000000e946f118) thrown at [./open/src/hotspot/share/interpreter/linkResolver.cpp, line 838]

Events (10 events):
Event: 33.143 loading class org/gradle/internal/execution/steps/AssignWorkspaceStep$1
Event: 33.143 loading class org/gradle/internal/execution/steps/AssignWorkspaceStep$1 done
Event: 33.144 loading class org/gradle/internal/execution/UnitOfWork$Identity
Event: 33.144 loading class org/gradle/internal/execution/UnitOfWork$Identity done
Event: 33.144 loading class org/gradle/internal/execution/history/ExecutionHistoryStore
Event: 33.144 loading class org/gradle/internal/execution/history/ExecutionHistoryStore done
Event: 33.144 loading class org/gradle/internal/execution/UnitOfWork$Identity
Event: 33.144 loading class org/gradle/internal/execution/UnitOfWork$Identity done
Event: 33.189 loading class org/gradle/cache/internal/btree/FreeListBlockStore$FreeListEntry
Event: 33.189 loading class org/gradle/cache/internal/btree/FreeListBlockStore$FreeListEntry done


Dynamic libraries:
0x00007ff6cc5d0000 - 0x00007ff6cc5df000 	C:\Program Files\Java\jdk-11.0.14\bin\java.exe
0x00007ffb54000000 - 0x00007ffb541f0000 	C:\Windows\SYSTEM32\ntdll.dll
0x00007ffb53830000 - 0x00007ffb538e2000 	C:\Windows\System32\KERNEL32.DLL
0x00007ffb51210000 - 0x00007ffb514b3000 	C:\Windows\System32\KERNELBASE.dll
0x00007ffb514c0000 - 0x00007ffb515ba000 	C:\Windows\System32\ucrtbase.dll
0x00007ffb21920000 - 0x00007ffb21935000 	C:\Program Files\Java\jdk-11.0.14\bin\VCRUNTIME140.dll
0x00007ffb20f30000 - 0x00007ffb20f48000 	C:\Program Files\Java\jdk-11.0.14\bin\jli.dll
0x00007ffb52ab0000 - 0x00007ffb52b53000 	C:\Windows\System32\ADVAPI32.dll
0x00007ffb53790000 - 0x00007ffb5382e000 	C:\Windows\System32\msvcrt.dll
0x00007ffb53a80000 - 0x00007ffb53b17000 	C:\Windows\System32\sechost.dll
0x00007ffb52590000 - 0x00007ffb526b0000 	C:\Windows\System32\RPCRT4.dll
0x00007ffb528f0000 - 0x00007ffb52a84000 	C:\Windows\System32\USER32.dll
0x00007ffb3c0a0000 - 0x00007ffb3c325000 	C:\Windows\WinSxS\amd64_microsoft.windows.common-controls_6595b64144ccf1df_6.0.18362.476_none_e6c4b11b130f2595\COMCTL32.dll
0x00007ffb52240000 - 0x00007ffb52576000 	C:\Windows\System32\combase.dll
0x00007ffb511e0000 - 0x00007ffb51201000 	C:\Windows\System32\win32u.dll
0x00007ffb538f0000 - 0x00007ffb53916000 	C:\Windows\System32\GDI32.dll
0x00007ffb51fe0000 - 0x00007ffb52060000 	C:\Windows\System32\bcryptPrimitives.dll
0x00007ffb50f90000 - 0x00007ffb51124000 	C:\Windows\System32\gdi32full.dll
0x00007ffb515c0000 - 0x00007ffb5165e000 	C:\Windows\System32\msvcp_win.dll
0x00007ffb41e70000 - 0x00007ffb41e7a000 	C:\Windows\SYSTEM32\VERSION.dll
0x00007ffb528c0000 - 0x00007ffb528ee000 	C:\Windows\System32\IMM32.DLL
0x00007ffb19530000 - 0x00007ffb195cb000 	C:\Program Files\Java\jdk-11.0.14\bin\msvcp140.dll
0x00007ffb15dd0000 - 0x00007ffb168e6000 	C:\Program Files\Java\jdk-11.0.14\bin\server\jvm.dll
0x00007ffb52a90000 - 0x00007ffb52a98000 	C:\Windows\System32\PSAPI.DLL
0x00007ffb31240000 - 0x00007ffb31249000 	C:\Windows\SYSTEM32\WSOCK32.dll
0x00007ffb4b5f0000 - 0x00007ffb4b614000 	C:\Windows\SYSTEM32\WINMM.dll
0x00007ffb53b20000 - 0x00007ffb53b8f000 	C:\Windows\System32\WS2_32.dll
0x00007ffb4b3e0000 - 0x00007ffb4b40d000 	C:\Windows\SYSTEM32\WINMMBASE.dll
0x00007ffb51190000 - 0x00007ffb511da000 	C:\Windows\System32\cfgmgr32.dll
0x00007ffb50ee0000 - 0x00007ffb50ef1000 	C:\Windows\System32\kernel.appcore.dll
0x00007ffb31380000 - 0x00007ffb31390000 	C:\Program Files\Java\jdk-11.0.14\bin\verify.dll
0x00007ffb4c790000 - 0x00007ffb4c984000 	C:\Windows\SYSTEM32\DBGHELP.DLL
0x00007ffb392d0000 - 0x00007ffb392fa000 	C:\Windows\SYSTEM32\dbgcore.DLL
0x00007ffb1fd60000 - 0x00007ffb1fd88000 	C:\Program Files\Java\jdk-11.0.14\bin\java.dll
0x00007ffb22ec0000 - 0x00007ffb22eca000 	C:\Program Files\Java\jdk-11.0.14\bin\jimage.dll
0x00007ffb20bb0000 - 0x00007ffb20bc6000 	C:\Program Files\Java\jdk-11.0.14\bin\zip.dll
0x00007ffb52b60000 - 0x00007ffb53245000 	C:\Windows\System32\SHELL32.dll
0x00007ffb53ce0000 - 0x00007ffb53d89000 	C:\Windows\System32\shcore.dll
0x00007ffb51710000 - 0x00007ffb51e8e000 	C:\Windows\System32\windows.storage.dll
0x00007ffb50f00000 - 0x00007ffb50f1f000 	C:\Windows\System32\profapi.dll
0x00007ffb50f40000 - 0x00007ffb50f8a000 	C:\Windows\System32\powrprof.dll
0x00007ffb50ed0000 - 0x00007ffb50ee0000 	C:\Windows\System32\UMPDC.dll
0x00007ffb53c80000 - 0x00007ffb53cd2000 	C:\Windows\System32\shlwapi.dll
0x00007ffb52090000 - 0x00007ffb520a7000 	C:\Windows\System32\cryptsp.dll
0x00007ffb1f890000 - 0x00007ffb1f8a9000 	C:\Program Files\Java\jdk-11.0.14\bin\net.dll
0x00007ffb40900000 - 0x00007ffb409f0000 	C:\Windows\SYSTEM32\WINHTTP.dll
0x00007ffb50740000 - 0x00007ffb507a7000 	C:\Windows\system32\mswsock.dll
0x00007ffb1f870000 - 0x00007ffb1f882000 	C:\Program Files\Java\jdk-11.0.14\bin\nio.dll
0x00007ffb20d10000 - 0x00007ffb20d37000 	C:\Users\Vismut\.gradle\native\e1d6ef7f7dcc3fd88c89a11ec53ec762bb8ba0a96d01ffa2cd45eb1d1d8dd5c5\windows-amd64\native-platform.dll
0x00007ffb18e00000 - 0x00007ffb18f44000 	C:\Users\Vismut\.gradle\native\0d407fdbe67a94daf76414ababcb853783967236a71b16ec16e742cd7a986fd3\windows-amd64\native-platform-file-events.dll
0x00007ffb22b90000 - 0x00007ffb22b99000 	C:\Program Files\Java\jdk-11.0.14\bin\management.dll
0x00007ffb227a0000 - 0x00007ffb227ab000 	C:\Program Files\Java\jdk-11.0.14\bin\management_ext.dll
0x00007ffb50250000 - 0x00007ffb50283000 	C:\Windows\system32\rsaenh.dll
0x00007ffb52060000 - 0x00007ffb52086000 	C:\Windows\System32\bcrypt.dll
0x00007ffb50dc0000 - 0x00007ffb50de5000 	C:\Windows\SYSTEM32\USERENV.dll
0x00007ffb50910000 - 0x00007ffb5091c000 	C:\Windows\SYSTEM32\CRYPTBASE.dll
0x00007ffb50450000 - 0x00007ffb5048a000 	C:\Windows\SYSTEM32\IPHLPAPI.DLL
0x00007ffb52580000 - 0x00007ffb52588000 	C:\Windows\System32\NSI.dll
0x00007ffb410d0000 - 0x00007ffb410e6000 	C:\Windows\SYSTEM32\dhcpcsvc6.DLL
0x00007ffb411a0000 - 0x00007ffb411bc000 	C:\Windows\SYSTEM32\dhcpcsvc.DLL
0x00007ffb50490000 - 0x00007ffb5055a000 	C:\Windows\SYSTEM32\DNSAPI.dll

dbghelp: loaded successfully - version: 4.0.5 - missing functions: none
symbol engine: initialized successfully - sym options: 0x614 - pdb path: .;C:\Program Files\Java\jdk-11.0.14\bin;C:\Windows\SYSTEM32;C:\Windows\WinSxS\amd64_microsoft.windows.common-controls_6595b64144ccf1df_6.0.18362.476_none_e6c4b11b130f2595;C:\Program Files\Java\jdk-11.0.14\bin\server;C:\Users\Vismut\.gradle\native\e1d6ef7f7dcc3fd88c89a11ec53ec762bb8ba0a96d01ffa2cd45eb1d1d8dd5c5\windows-amd64;C:\Users\Vismut\.gradle\native\0d407fdbe67a94daf76414ababcb853783967236a71b16ec16e742cd7a986fd3\windows-amd64

VM Arguments:
jvm_args: --add-opens=java.base/java.util=ALL-UNNAMED --add-opens=java.base/java.lang=ALL-UNNAMED --add-opens=java.base/java.lang.invoke=ALL-UNNAMED --add-opens=java.base/java.util=ALL-UNNAMED --add-opens=java.prefs/java.util.prefs=ALL-UNNAMED --add-opens=java.prefs/java.util.prefs=ALL-UNNAMED --add-opens=java.base/java.nio.charset=ALL-UNNAMED --add-opens=java.base/java.net=ALL-UNNAMED --add-opens=java.base/java.util.concurrent.atomic=ALL-UNNAMED -XX:MaxMetaspaceSize=256m -XX:+HeapDumpOnOutOfMemoryError -Xms256m -Xmx512m -Dfile.encoding=windows-1254 -Duser.country=GB -Duser.language=en -Duser.variant 
java_command: org.gradle.launcher.daemon.bootstrap.GradleDaemon 7.4
java_class_path (initial): C:\Users\Vismut\.gradle\wrapper\dists\gradle-7.4-bin\c0gwcg53nkjbqw7r0h0umtfvt\gradle-7.4\lib\gradle-launcher-7.4.jar
Launcher Type: SUN_STANDARD

[Global flags]
     intx CICompilerCount                          = 3                                         {product} {ergonomic}
   size_t CompressedClassSpaceSize                 = 260046848                                 {product} {ergonomic}
     uint ConcGCThreads                            = 1                                         {product} {ergonomic}
     uint G1ConcRefinementThreads                  = 4                                         {product} {ergonomic}
   size_t G1HeapRegionSize                         = 1048576                                   {product} {ergonomic}
    uintx GCDrainStackTargetSize                   = 64                                        {product} {ergonomic}
     bool HeapDumpOnOutOfMemoryError               = true                                   {manageable} {command line}
   size_t InitialHeapSize                          = 268435456                                 {product} {command line}
   size_t MarkStackSize                            = 4194304                                   {product} {ergonomic}
   size_t MaxHeapSize                              = 536870912                                 {product} {command line}
   size_t MaxMetaspaceSize                         = 268435456                                 {product} {command line}
   size_t MaxNewSize                               = 321912832                                 {product} {ergonomic}
   size_t MinHeapDeltaBytes                        = 1048576                                   {product} {ergonomic}
    uintx NonNMethodCodeHeapSize                   = 5830732                                {pd product} {ergonomic}
    uintx NonProfiledCodeHeapSize                  = 122913754                              {pd product} {ergonomic}
    uintx ProfiledCodeHeapSize                     = 122913754                              {pd product} {ergonomic}
    uintx ReservedCodeCacheSize                    = 251658240                              {pd product} {ergonomic}
     bool SegmentedCodeCache                       = true                                      {product} {ergonomic}
     bool UseCompressedClassPointers               = true                                 {lp64_product} {ergonomic}
     bool UseCompressedOops                        = true                                 {lp64_product} {ergonomic}
     bool UseG1GC                                  = true                                      {product} {ergonomic}
     bool UseLargePagesIndividualAllocation        = false                                  {pd product} {ergonomic}

Logging:
Log output configuration:
 #0: stdout all=warning uptime,level,AAAATags
 #1: stderr all=off uptime,level,AAAATags

Environment Variables:
PATH=C:\Program Files\Common Files\Oracle\Java\javapath;C:\Windows\system32;C:\Windows;C:\Windows\System32\Wbem;C:\Windows\System32\WindowsPowerShell\v1.0\;C:\Windows\System32\OpenSSH\;C:\Program Files (x86)\QuickTime\QTSystem\;C:\Users\Vismut\AppData\Local\Microsoft\WindowsApps;
USERNAME=Vismut
OS=Windows_NT
PROCESSOR_IDENTIFIER=Intel64 Family 6 Model 142 Stepping 10, GenuineIntel



---------------  S Y S T E M  ---------------

OS: Windows 10 , 64 bit Build 18362 (10.0.18362.329)

CPU:total 4 (initial active 4) (2 cores per cpu, 2 threads per core) family 6 model 142 stepping 10 microcode 0x96, cmov, cx8, fxsr, mmx, sse, sse2, sse3, ssse3, sse4.1, sse4.2, popcnt, avx, avx2, aes, clmul, erms, 3dnowpref, lzcnt, ht, tsc, tscinvbit, bmi1, bmi2, adx, fma

Memory: 4k page, system-wide physical 3973M (61M free)
TotalPageFile size 6021M (AvailPageFile size 0M)
current process WorkingSet (physical memory assigned to process): 297M, peak: 306M
current process commit charge ("private bytes"): 462M, peak: 462M

vm_info: Java HotSpot(TM) 64-Bit Server VM (11.0.14+8-LTS-263) for windows-amd64 JRE (11.0.14+8-LTS-263), built on Dec  7 2021 21:53:57 by "mach5one" with MS VC++ 15.9 (VS2017)

END.
