#
# There is insufficient memory for the Java Runtime Environment to continue.
# Native memory allocation (malloc) failed to allocate 1048576 bytes for AllocateHeap
# Possible reasons:
#   The system is out of physical RAM or swap space
#   The process is running with CompressedOops enabled, and the Java Heap may be blocking the growth of the native heap
# Possible solutions:
#   Reduce memory load on the system
#   Increase physical memory or swap space
#   Check if swap backing store is full
#   Decrease Java heap size (-Xmx/-Xms)
#   Decrease number of Java threads
#   Decrease Java thread stack sizes (-Xss)
#   Set larger code cache with -XX:ReservedCodeCacheSize=
#   JVM is running with Unscaled Compressed Oops mode in which the Java heap is
#     placed in the first 4GB address space. The Java Heap base address is the
#     maximum limit for the native heap growth. Please use -XX:HeapBaseMinAddress
#     to set the Java Heap base and to place the Java Heap above 4GB virtual address.
# This output file may be truncated or incomplete.
#
#  Out of Memory Error (./open/src/hotspot/share/memory/allocation.cpp:46), pid=4740, tid=1240
#
# JRE version: Java(TM) SE Runtime Environment 18.9 (11.0.14+8) (build 11.0.14+8-LTS-263)
# Java VM: Java HotSpot(TM) 64-Bit Server VM 18.9 (11.0.14+8-LTS-263, mixed mode, tiered, compressed oops, g1 gc, windows-amd64)
# No core dump will be written. Minidumps are not enabled by default on client versions of Windows
#

---------------  S U M M A R Y ------------

Command Line: -XX:TieredStopAtLevel=1 -Xverify:none -Dspring.output.ansi.enabled=always -Dcom.sun.management.jmxremote -Dspring.jmx.enabled=true -Dspring.liveBeansView.mbeanDomain -Dspring.application.admin.enabled=true -javaagent:C:\Program Files\JetBrains\IntelliJ IDEA 2020.1.1\lib\idea_rt.jar=61537:C:\Program Files\JetBrains\IntelliJ IDEA 2020.1.1\bin -Dfile.encoding=UTF-8 com.example.demo.DemoApplication

Host: Intel(R) Core(TM) i3-7020U CPU @ 2.30GHz, 4 cores, 3G,  Windows 10 , 64 bit Build 18362 (10.0.18362.329)
Time: Tue Mar  8 16:51:54 2022 Западная Азия (зима) elapsed time: 16.892302 seconds (0d 0h 0m 16s)

---------------  T H R E A D  ---------------

Current thread (0x000001bf7fd02000):  VMThread "VM Thread" [stack: 0x000000491f400000,0x000000491f500000] [id=1240]

Stack: [0x000000491f400000,0x000000491f500000]
[error occurred during error reporting (printing stack bounds), id 0xc0000005, EXCEPTION_ACCESS_VIOLATION (0xc0000005) at pc=0x000001bf00000f2d]

Native frames: (J=compiled Java code, j=interpreted, Vv=VM code, C=native code)
V  [jvm.dll+0x6296da]
V  [jvm.dll+0x76323f]
V  [jvm.dll+0x7648e9]
V  [jvm.dll+0x764ed5]
V  [jvm.dll+0x764e8b]
V  [jvm.dll+0x628c23]
V  [jvm.dll+0x6292d8]
C  [ntdll.dll+0xa11ff]
C  [ntdll.dll+0x6a289]
C  [ntdll.dll+0x9fe6e]
C  0x000001bf00000f2d

VM_Operation (0x00000049202fbc00): CollectForMetadataAllocation, mode: safepoint, requested by thread 0x000001bf13ccb000


---------------  P R O C E S S  ---------------

Threads class SMR info:
_java_thread_list=0x000001bf15349150, length=15, elements={
0x000001bf77c10800, 0x000001bf7fd26000, 0x000001bf7fd30000, 0x000001bf7fd80800,
0x000001bf7fd81800, 0x000001bf7fd83000, 0x000001bf7fd8a000, 0x000001bf7fd92800,
0x000001bf7fcc4800, 0x000001bf13b1b000, 0x000001bf13dac000, 0x000001bf13ccb000,
0x000001bf14308800, 0x000001bf152ea800, 0x000001bf14312800
}

Java Threads: ( => current thread )
  0x000001bf77c10800 JavaThread "main" [_thread_blocked, id=5024, stack(0x000000491ee00000,0x000000491ef00000)]
  0x000001bf7fd26000 JavaThread "Reference Handler" daemon [_thread_blocked, id=2960, stack(0x000000491f500000,0x000000491f600000)]
  0x000001bf7fd30000 JavaThread "Finalizer" daemon [_thread_blocked, id=3824, stack(0x000000491f600000,0x000000491f700000)]
  0x000001bf7fd80800 JavaThread "Signal Dispatcher" daemon [_thread_blocked, id=332, stack(0x000000491f700000,0x000000491f800000)]
  0x000001bf7fd81800 JavaThread "Attach Listener" daemon [_thread_blocked, id=2172, stack(0x000000491f800000,0x000000491f900000)]
  0x000001bf7fd83000 JavaThread "Service Thread" daemon [_thread_blocked, id=120, stack(0x000000491f900000,0x000000491fa00000)]
  0x000001bf7fd8a000 JavaThread "C1 CompilerThread0" daemon [_thread_blocked, id=6244, stack(0x000000491fa00000,0x000000491fb00000)]
  0x000001bf7fd92800 JavaThread "Sweeper thread" daemon [_thread_blocked, id=10232, stack(0x000000491fb00000,0x000000491fc00000)]
  0x000001bf7fcc4800 JavaThread "Common-Cleaner" daemon [_thread_blocked, id=220, stack(0x000000491fc00000,0x000000491fd00000)]
  0x000001bf13b1b000 JavaThread "Monitor Ctrl-Break" daemon [_thread_in_native, id=8212, stack(0x000000491fd00000,0x000000491fe00000)]
  0x000001bf13dac000 JavaThread "RMI TCP Accept-0" daemon [_thread_in_native, id=7364, stack(0x000000491fe00000,0x000000491ff00000)]
  0x000001bf13ccb000 JavaThread "background-preinit" [_thread_blocked, id=600, stack(0x0000004920200000,0x0000004920300000)]
  0x000001bf14308800 JavaThread "RMI TCP Connection(1)-192.168.0.112" daemon [_thread_blocked, id=6420, stack(0x0000004920500000,0x0000004920600000)]
  0x000001bf152ea800 JavaThread "RMI Scheduler(0)" daemon [_thread_blocked, id=4672, stack(0x0000004920600000,0x0000004920700000)]
  0x000001bf14312800 JavaThread "Thread-0" [_thread_blocked, id=6796, stack(0x0000004920700000,0x0000004920800000)]

Other Threads:
=>0x000001bf7fd02000 VMThread "VM Thread" [stack: 0x000000491f400000,0x000000491f500000] [id=1240]
  0x000001bf13da0000 WatcherThread [stack: 0x000000491ff00000,0x0000004920000000] [id=2208]
  0x000001bf77c26800 GCTaskThread "GC Thread#0" [stack: 0x000000491ef00000,0x000000491f000000] [id=3424]
  0x000001bf13e66800 GCTaskThread "GC Thread#1" [stack: 0x0000004920000000,0x0000004920100000] [id=7284]
  0x000001bf139b7000 GCTaskThread "GC Thread#2" [stack: 0x0000004920300000,0x0000004920400000] [id=5672]
  0x000001bf13fe0800 GCTaskThread "GC Thread#3" [stack: 0x0000004920400000,0x0000004920500000] [id=4996]
  0x000001bf77c42000 ConcurrentGCThread "G1 Main Marker" [stack: 0x000000491f000000,0x000000491f100000] [id=6092]
  0x000001bf77c43800 ConcurrentGCThread "G1 Conc#0" [stack: 0x000000491f100000,0x000000491f200000] [id=3548]
  0x000001bf77c98000 ConcurrentGCThread "G1 Refine#0" [stack: 0x000000491f200000,0x000000491f300000] [id=7072]
  0x000001bf13a1b800 ConcurrentGCThread "G1 Refine#1" [stack: 0x0000004920100000,0x0000004920200000] [id=2340]
  0x000001bf77c9a000 ConcurrentGCThread "G1 Young RemSet Sampling" [stack: 0x000000491f300000,0x000000491f400000] [id=5176]

Threads with active compile tasks:

VM state:at safepoint (normal execution)

VM Mutex/Monitor currently owned by a thread:  ([mutex/lock_event])
[0x000001bf77c0ce30] Threads_lock - owner thread: 0x000001bf7fd02000
[0x000001bf77c0d2b0] Heap_lock - owner thread: 0x000001bf13ccb000

Heap address: 0x00000000c1e00000, size: 994 MB, Compressed Oops mode: 32-bit
Narrow klass base: 0x0000000000000000, Narrow klass shift: 3
Compressed class space size: 1073741824 Address: 0x0000000100000000

Heap:
 garbage-first heap   total 65536K, used 11261K [0x00000000c1e00000, 0x0000000100000000)
  region size 1024K, 3 young (3072K), 3 survivors (3072K)
 Metaspace       used 25379K, capacity 26154K, committed 26288K, reserved 1085440K
  class space    used 3147K, capacity 3486K, committed 3584K, reserved 1048576K
Heap Regions: E=young(eden), S=young(survivor), O=old, HS=humongous(starts), HC=humongous(continues), CS=collection set, F=free, A=archive, TAMS=top-at-mark-start (previous, next)
|   0|0x00000000c1e00000, 0x00000000c1f00000, 0x00000000c1f00000|100%|HS|  |TAMS 0x00000000c1f00000, 0x00000000c1f00000| Complete 
|   1|0x00000000c1f00000, 0x00000000c2000000, 0x00000000c2000000|100%| O|  |TAMS 0x00000000c2000000, 0x00000000c2000000| Untracked 
|   2|0x00000000c2000000, 0x00000000c2100000, 0x00000000c2100000|100%| O|  |TAMS 0x00000000c2100000, 0x00000000c2100000| Untracked 
|   3|0x00000000c2100000, 0x00000000c2200000, 0x00000000c2200000|100%| O|  |TAMS 0x00000000c2200000, 0x00000000c2200000| Untracked 
|   4|0x00000000c2200000, 0x00000000c2300000, 0x00000000c2300000|100%| O|  |TAMS 0x00000000c2300000, 0x00000000c2300000| Untracked 
|   5|0x00000000c2300000, 0x00000000c2400000, 0x00000000c2400000|100%| O|  |TAMS 0x00000000c2400000, 0x00000000c2400000| Untracked 
|   6|0x00000000c2400000, 0x00000000c2500000, 0x00000000c2500000|100%| O|  |TAMS 0x00000000c2500000, 0x00000000c2500000| Untracked 
|   7|0x00000000c2500000, 0x00000000c2600000, 0x00000000c2600000|100%| O|  |TAMS 0x00000000c2507c00, 0x00000000c2600000| Untracked 
|   8|0x00000000c2600000, 0x00000000c2615c00, 0x00000000c2700000|  8%| O|  |TAMS 0x00000000c2600000, 0x00000000c2615c00| Untracked 
|   9|0x00000000c2700000, 0x00000000c2700000, 0x00000000c2800000|  0%| F|  |TAMS 0x00000000c2700000, 0x00000000c2700000| Untracked 
|  10|0x00000000c2800000, 0x00000000c2800000, 0x00000000c2900000|  0%| F|  |TAMS 0x00000000c2800000, 0x00000000c2800000| Untracked 
|  11|0x00000000c2900000, 0x00000000c2900000, 0x00000000c2a00000|  0%| F|  |TAMS 0x00000000c2900000, 0x00000000c2900000| Untracked 
|  12|0x00000000c2a00000, 0x00000000c2a00000, 0x00000000c2b00000|  0%| F|  |TAMS 0x00000000c2a00000, 0x00000000c2a00000| Untracked 
|  13|0x00000000c2b00000, 0x00000000c2b00000, 0x00000000c2c00000|  0%| F|  |TAMS 0x00000000c2b00000, 0x00000000c2b00000| Untracked 
|  14|0x00000000c2c00000, 0x00000000c2c00000, 0x00000000c2d00000|  0%| F|  |TAMS 0x00000000c2c00000, 0x00000000c2c00000| Untracked 
|  15|0x00000000c2d00000, 0x00000000c2d00000, 0x00000000c2e00000|  0%| F|  |TAMS 0x00000000c2d00000, 0x00000000c2d00000| Untracked 
|  16|0x00000000c2e00000, 0x00000000c2e00000, 0x00000000c2f00000|  0%| F|  |TAMS 0x00000000c2e00000, 0x00000000c2e00000| Untracked 
|  17|0x00000000c2f00000, 0x00000000c2f00000, 0x00000000c3000000|  0%| F|  |TAMS 0x00000000c2f00000, 0x00000000c2f00000| Untracked 
|  18|0x00000000c3000000, 0x00000000c3000000, 0x00000000c3100000|  0%| F|  |TAMS 0x00000000c3000000, 0x00000000c3000000| Untracked 
|  19|0x00000000c3100000, 0x00000000c3100000, 0x00000000c3200000|  0%| F|  |TAMS 0x00000000c3100000, 0x00000000c3100000| Untracked 
|  20|0x00000000c3200000, 0x00000000c3200000, 0x00000000c3300000|  0%| F|  |TAMS 0x00000000c3200000, 0x00000000c3200000| Untracked 
|  21|0x00000000c3300000, 0x00000000c3300000, 0x00000000c3400000|  0%| F|  |TAMS 0x00000000c3300000, 0x00000000c3300000| Untracked 
|  22|0x00000000c3400000, 0x00000000c3400000, 0x00000000c3500000|  0%| F|  |TAMS 0x00000000c3400000, 0x00000000c3400000| Untracked 
|  23|0x00000000c3500000, 0x00000000c3500000, 0x00000000c3600000|  0%| F|  |TAMS 0x00000000c3500000, 0x00000000c3500000| Untracked 
|  24|0x00000000c3600000, 0x00000000c3600000, 0x00000000c3700000|  0%| F|  |TAMS 0x00000000c3600000, 0x00000000c3600000| Untracked 
|  25|0x00000000c3700000, 0x00000000c3700000, 0x00000000c3800000|  0%| F|  |TAMS 0x00000000c3700000, 0x00000000c3700000| Untracked 
|  26|0x00000000c3800000, 0x00000000c3800000, 0x00000000c3900000|  0%| F|  |TAMS 0x00000000c3800000, 0x00000000c3800000| Untracked 
|  27|0x00000000c3900000, 0x00000000c3900000, 0x00000000c3a00000|  0%| F|  |TAMS 0x00000000c3900000, 0x00000000c3900000| Untracked 
|  28|0x00000000c3a00000, 0x00000000c3a00000, 0x00000000c3b00000|  0%| F|  |TAMS 0x00000000c3a00000, 0x00000000c3a00000| Untracked 
|  29|0x00000000c3b00000, 0x00000000c3b00000, 0x00000000c3c00000|  0%| F|  |TAMS 0x00000000c3b00000, 0x00000000c3b00000| Untracked 
|  30|0x00000000c3c00000, 0x00000000c3c00000, 0x00000000c3d00000|  0%| F|  |TAMS 0x00000000c3c00000, 0x00000000c3c00000| Untracked 
|  31|0x00000000c3d00000, 0x00000000c3d00000, 0x00000000c3e00000|  0%| F|  |TAMS 0x00000000c3d00000, 0x00000000c3d00000| Untracked 
|  32|0x00000000c3e00000, 0x00000000c3e00000, 0x00000000c3f00000|  0%| F|  |TAMS 0x00000000c3e00000, 0x00000000c3e00000| Untracked 
|  33|0x00000000c3f00000, 0x00000000c3f00000, 0x00000000c4000000|  0%| F|  |TAMS 0x00000000c3f00000, 0x00000000c3f00000| Untracked 
|  34|0x00000000c4000000, 0x00000000c4000000, 0x00000000c4100000|  0%| F|  |TAMS 0x00000000c4000000, 0x00000000c4000000| Untracked 
|  35|0x00000000c4100000, 0x00000000c4100000, 0x00000000c4200000|  0%| F|  |TAMS 0x00000000c4100000, 0x00000000c4100000| Untracked 
|  36|0x00000000c4200000, 0x00000000c4200000, 0x00000000c4300000|  0%| F|  |TAMS 0x00000000c4200000, 0x00000000c4200000| Untracked 
|  37|0x00000000c4300000, 0x00000000c4300000, 0x00000000c4400000|  0%| F|  |TAMS 0x00000000c4300000, 0x00000000c4300000| Untracked 
|  38|0x00000000c4400000, 0x00000000c4400000, 0x00000000c4500000|  0%| F|  |TAMS 0x00000000c4400000, 0x00000000c4400000| Untracked 
|  39|0x00000000c4500000, 0x00000000c4500000, 0x00000000c4600000|  0%| F|  |TAMS 0x00000000c4500000, 0x00000000c4500000| Untracked 
|  40|0x00000000c4600000, 0x00000000c46e9ae0, 0x00000000c4700000| 91%| S|CS|TAMS 0x00000000c4600000, 0x00000000c4600000| Complete 
|  41|0x00000000c4700000, 0x00000000c4700000, 0x00000000c4800000|  0%| F|  |TAMS 0x00000000c4700000, 0x00000000c4700000| Untracked 
|  42|0x00000000c4800000, 0x00000000c4800000, 0x00000000c4900000|  0%| F|  |TAMS 0x00000000c4800000, 0x00000000c4800000| Untracked 
|  43|0x00000000c4900000, 0x00000000c4900000, 0x00000000c4a00000|  0%| F|  |TAMS 0x00000000c4900000, 0x00000000c4900000| Untracked 
|  44|0x00000000c4a00000, 0x00000000c4b00000, 0x00000000c4b00000|100%| S|CS|TAMS 0x00000000c4a00000, 0x00000000c4a00000| Complete 
|  45|0x00000000c4b00000, 0x00000000c4c00000, 0x00000000c4c00000|100%| S|CS|TAMS 0x00000000c4b00000, 0x00000000c4b00000| Complete 
|  46|0x00000000c4c00000, 0x00000000c4c00000, 0x00000000c4d00000|  0%| F|  |TAMS 0x00000000c4c00000, 0x00000000c4c00000| Untracked 
|  47|0x00000000c4d00000, 0x00000000c4d00000, 0x00000000c4e00000|  0%| F|  |TAMS 0x00000000c4d00000, 0x00000000c4d00000| Untracked 
|  48|0x00000000c4e00000, 0x00000000c4e00000, 0x00000000c4f00000|  0%| F|  |TAMS 0x00000000c4e00000, 0x00000000c4e00000| Untracked 
|  49|0x00000000c4f00000, 0x00000000c4f00000, 0x00000000c5000000|  0%| F|  |TAMS 0x00000000c4f00000, 0x00000000c4f00000| Untracked 
|  50|0x00000000c5000000, 0x00000000c5000000, 0x00000000c5100000|  0%| F|  |TAMS 0x00000000c5000000, 0x00000000c5000000| Untracked 
|  51|0x00000000c5100000, 0x00000000c5100000, 0x00000000c5200000|  0%| F|  |TAMS 0x00000000c5100000, 0x00000000c5100000| Untracked 
|  52|0x00000000c5200000, 0x00000000c5200000, 0x00000000c5300000|  0%| F|  |TAMS 0x00000000c5200000, 0x00000000c5200000| Untracked 
|  53|0x00000000c5300000, 0x00000000c5300000, 0x00000000c5400000|  0%| F|  |TAMS 0x00000000c5300000, 0x00000000c5300000| Untracked 
|  54|0x00000000c5400000, 0x00000000c5400000, 0x00000000c5500000|  0%| F|  |TAMS 0x00000000c5400000, 0x00000000c5400000| Untracked 
|  55|0x00000000c5500000, 0x00000000c5500000, 0x00000000c5600000|  0%| F|  |TAMS 0x00000000c5500000, 0x00000000c5500000| Untracked 
|  56|0x00000000c5600000, 0x00000000c5600000, 0x00000000c5700000|  0%| F|  |TAMS 0x00000000c5600000, 0x00000000c5600000| Untracked 
|  57|0x00000000c5700000, 0x00000000c5700000, 0x00000000c5800000|  0%| F|  |TAMS 0x00000000c5700000, 0x00000000c5700000| Untracked 
|  58|0x00000000c5800000, 0x00000000c5800000, 0x00000000c5900000|  0%| F|  |TAMS 0x00000000c5800000, 0x00000000c5800000| Untracked 
|  59|0x00000000c5900000, 0x00000000c5900000, 0x00000000c5a00000|  0%| F|  |TAMS 0x00000000c5900000, 0x00000000c5900000| Untracked 
|  60|0x00000000c5a00000, 0x00000000c5a00000, 0x00000000c5b00000|  0%| F|  |TAMS 0x00000000c5a00000, 0x00000000c5a00000| Untracked 
|  61|0x00000000c5b00000, 0x00000000c5b00000, 0x00000000c5c00000|  0%| F|  |TAMS 0x00000000c5b00000, 0x00000000c5b00000| Untracked 
|  62|0x00000000c5c00000, 0x00000000c5c00000, 0x00000000c5d00000|  0%| F|  |TAMS 0x00000000c5c00000, 0x00000000c5c00000| Untracked 
|  63|0x00000000c5d00000, 0x00000000c5d00000, 0x00000000c5e00000|  0%| F|  |TAMS 0x00000000c5d00000, 0x00000000c5d00000| Untracked 

Card table byte_map: [0x000001bf7f470000,0x000001bf7f670000] _byte_map_base: 0x000001bf7ee61000

Marking Bits (Prev, Next): (CMBitMap*) 0x000001bf77c3d768, (CMBitMap*) 0x000001bf77c3d7a0
 Prev Bits: [0x000001bf0f000000, 0x000001bf0ff88000)
 Next Bits: [0x000001bf0ff90000, 0x000001bf10f18000)

Polling page: 0x000001bf75940000

Metaspace:

Usage:
  Non-class:     22.14 MB capacity,    21.71 MB ( 98%) used,   349.58 KB (  2%) free+waste,    86.63 KB ( <1%) overhead. 
      Class:      3.40 MB capacity,     3.07 MB ( 90%) used,   292.65 KB (  8%) free+waste,    45.94 KB (  1%) overhead. 
       Both:     25.54 MB capacity,    24.78 MB ( 97%) used,   642.23 KB (  2%) free+waste,   132.56 KB ( <1%) overhead. 

Virtual space:
  Non-class space:       36.00 MB reserved,      22.17 MB ( 62%) committed 
      Class space:        1.00 GB reserved,       3.50 MB ( <1%) committed 
             Both:        1.04 GB reserved,      25.67 MB (  2%) committed 

Chunk freelists:
   Non-Class:  4.50 KB
       Class:  256 bytes
        Both:  4.75 KB

CodeHeap 'non-profiled nmethods': size=238912Kb used=3133Kb max_used=3133Kb free=235778Kb
 bounds [0x000001bf006b0000, 0x000001bf009c0000, 0x000001bf0f000000]
CodeHeap 'non-nmethods': size=6848Kb used=1151Kb max_used=1151Kb free=5696Kb
 bounds [0x000001bf00000000, 0x000001bf00270000, 0x000001bf006b0000]
 total_blobs=2719 nmethods=2237 adapters=408
 compilation: disabled (not enough contiguous free space left)
              stopped_count=1, restarted_count=0
 full_count=1

Compilation events (10 events):
Event: 16.469 Thread 0x000001bf7fd8a000 2233       1       java.util.stream.ReferencePipeline$Head::<init> (8 bytes)
Event: 16.469 Thread 0x000001bf7fd8a000 nmethod 2233 0x000001bf009bd290 code [0x000001bf009bd420, 0x000001bf009bd4e8]
Event: 16.469 Thread 0x000001bf7fd8a000 2234       1       java.util.stream.ReferencePipeline::<init> (8 bytes)
Event: 16.470 Thread 0x000001bf7fd8a000 nmethod 2234 0x000001bf009bd590 code [0x000001bf009bd720, 0x000001bf009bd7e8]
Event: 16.695 Thread 0x000001bf7fd8a000 2236       1       sun.util.locale.InternalLocaleBuilder::setExtensions (206 bytes)
Event: 16.701 Thread 0x000001bf7fd8a000 nmethod 2236 0x000001bf009bd890 code [0x000001bf009bdba0, 0x000001bf009be6b8]
Event: 16.701 Thread 0x000001bf7fd8a000 2238       1       sun.util.locale.BaseLocale$Key::equals (109 bytes)
Event: 16.703 Thread 0x000001bf7fd8a000 nmethod 2238 0x000001bf009bed10 code [0x000001bf009bef00, 0x000001bf009bf2b8]
Event: 16.703 Thread 0x000001bf7fd8a000 2239       1       org.springframework.util.StringUtils::delimitedListToStringArray (164 bytes)
Event: 16.747 Thread 0x000001bf7fd8a000 


GC Heap History (10 events):
Event: 11.907 GC heap before
{Heap before GC invocations=2 (full 0):
 garbage-first heap   total 65536K, used 25728K [0x00000000c1e00000, 0x0000000100000000)
  region size 1024K, 19 young (19456K), 1 survivors (1024K)
 Metaspace       used 16767K, capacity 17251K, committed 17536K, reserved 1064960K
  class space    used 1864K, capacity 2071K, committed 2176K, reserved 1048576K
}
Event: 11.922 GC heap after
{Heap after GC invocations=3 (full 0):
 garbage-first heap   total 65536K, used 8398K [0x00000000c1e00000, 0x0000000100000000)
  region size 1024K, 2 young (2048K), 2 survivors (2048K)
 Metaspace       used 16767K, capacity 17251K, committed 17536K, reserved 1064960K
  class space    used 1864K, capacity 2071K, committed 2176K, reserved 1048576K
}
Event: 13.789 GC heap before
{Heap before GC invocations=3 (full 0):
 garbage-first heap   total 65536K, used 28878K [0x00000000c1e00000, 0x0000000100000000)
  region size 1024K, 23 young (23552K), 2 survivors (2048K)
 Metaspace       used 19700K, capacity 20231K, committed 20480K, reserved 1067008K
  class space    used 2291K, capacity 2540K, committed 2560K, reserved 1048576K
}
Event: 13.802 GC heap after
{Heap after GC invocations=4 (full 0):
 garbage-first heap   total 65536K, used 9201K [0x00000000c1e00000, 0x0000000100000000)
  region size 1024K, 2 young (2048K), 2 survivors (2048K)
 Metaspace       used 19700K, capacity 20231K, committed 20480K, reserved 1067008K
  class space    used 2291K, capacity 2540K, committed 2560K, reserved 1048576K
}
Event: 14.758 GC heap before
{Heap before GC invocations=4 (full 0):
 garbage-first heap   total 65536K, used 16369K [0x00000000c1e00000, 0x0000000100000000)
  region size 1024K, 11 young (11264K), 2 survivors (2048K)
 Metaspace       used 20624K, capacity 21198K, committed 21296K, reserved 1069056K
  class space    used 2441K, capacity 2688K, committed 2688K, reserved 1048576K
}
Event: 14.804 GC heap after
{Heap after GC invocations=5 (full 0):
 garbage-first heap   total 65536K, used 9336K [0x00000000c1e00000, 0x0000000100000000)
  region size 1024K, 3 young (3072K), 3 survivors (3072K)
 Metaspace       used 20624K, capacity 21198K, committed 21296K, reserved 1069056K
  class space    used 2441K, capacity 2688K, committed 2688K, reserved 1048576K
}
Event: 15.621 GC heap before
{Heap before GC invocations=6 (full 0):
 garbage-first heap   total 65536K, used 24696K [0x00000000c1e00000, 0x0000000100000000)
  region size 1024K, 20 young (20480K), 3 survivors (3072K)
 Metaspace       used 23167K, capacity 23820K, committed 23856K, reserved 1077248K
  class space    used 2882K, capacity 3182K, committed 3200K, reserved 1048576K
}
Event: 15.636 GC heap after
{Heap after GC invocations=7 (full 0):
 garbage-first heap   total 65536K, used 10271K [0x00000000c1e00000, 0x0000000100000000)
  region size 1024K, 3 young (3072K), 3 survivors (3072K)
 Metaspace       used 23167K, capacity 23820K, committed 23856K, reserved 1077248K
  class space    used 2882K, capacity 3182K, committed 3200K, reserved 1048576K
}
Event: 16.831 GC heap before
{Heap before GC invocations=8 (full 0):
 garbage-first heap   total 65536K, used 26655K [0x00000000c1e00000, 0x0000000100000000)
  region size 1024K, 21 young (21504K), 3 survivors (3072K)
 Metaspace       used 25379K, capacity 26154K, committed 26288K, reserved 1083392K
  class space    used 3147K, capacity 3486K, committed 3584K, reserved 1048576K
}
Event: 16.849 GC heap after
{Heap after GC invocations=9 (full 0):
 garbage-first heap   total 65536K, used 11261K [0x00000000c1e00000, 0x0000000100000000)
  region size 1024K, 3 young (3072K), 3 survivors (3072K)
 Metaspace       used 25379K, capacity 26154K, committed 26288K, reserved 1083392K
  class space    used 3147K, capacity 3486K, committed 3584K, reserved 1048576K
}

Deoptimization events (0 events):
No events

Classes redefined (0 events):
No events

Internal exceptions (10 events):
Event: 15.533 Thread 0x000001bf14308800 Exception <a 'java/lang/NoSuchMethodError'{0x00000000c4cc5180}: static [B.<clinit>()V> (0x00000000c4cc5180) thrown at [./open/src/hotspot/share/prims/jni.cpp, line 1366]
Event: 15.601 Thread 0x000001bf14312800 Exception <a 'java/lang/NoSuchMethodError'{0x00000000c4a6b948}: java.lang.invoke.Invokers$Holder.linkToTargetMethod(Ljava/lang/Object;JLjava/lang/Object;)Ljava/lang/Object;> (0x00000000c4a6b948) thrown at [./open/src/hotspot/share/interpreter/linkResolver
Event: 15.639 Thread 0x000001bf14308800 Exception <a 'java/lang/ClassNotFoundException'{0x00000000c5d01960}: javax/management/remote/rmi/RMIConnectionImpl_Skel> (0x00000000c5d01960) thrown at [./open/src/hotspot/share/classfile/systemDictionary.cpp, line 226]
Event: 15.883 Thread 0x000001bf14308800 Exception <a 'java/lang/reflect/InvocationTargetException'{0x00000000c5b8c4f8}> (0x00000000c5b8c4f8) thrown at [./open/src/hotspot/share/runtime/reflection.cpp, line 1242]
Event: 15.892 Thread 0x000001bf14308800 Exception <a 'java/lang/NoSuchMethodError'{0x00000000c5bf8828}: static [Ljava/lang/StackTraceElement;.<clinit>()V> (0x00000000c5bf8828) thrown at [./open/src/hotspot/share/prims/jni.cpp, line 1366]
Event: 16.280 Thread 0x000001bf13ccb000 Exception <a 'java/lang/NoSuchMethodError'{0x00000000c573d178}: java.lang.invoke.DirectMethodHandle$Holder.invokeStaticInit(Ljava/lang/Object;Ljava/lang/Object;Ljava/lang/Object;Ljava/lang/Object;Ljava/lang/Object;)Ljava/lang/Object;> (0x00000000c573d178)
Event: 16.316 Thread 0x000001bf13ccb000 Exception <a 'java/lang/NoSuchMethodError'{0x00000000c5600b00}: java.lang.invoke.DirectMethodHandle$Holder.invokeSpecial(Ljava/lang/Object;Ljava/lang/Object;IILjava/lang/Object;Ljava/lang/Object;Ljava/lang/Object;)Ljava/lang/Object;> (0x00000000c5600b00) 
Event: 16.316 Thread 0x000001bf13ccb000 Exception <a 'java/lang/NoSuchMethodError'{0x00000000c5604088}: java.lang.invoke.DelegatingMethodHandle$Holder.reinvoke_L(Ljava/lang/Object;IILjava/lang/Object;Ljava/lang/Object;Ljava/lang/Object;)Ljava/lang/Object;> (0x00000000c5604088) thrown at [./open
Event: 16.319 Thread 0x000001bf13ccb000 Exception <a 'java/lang/NoSuchMethodError'{0x00000000c5607f68}: java.lang.invoke.DirectMethodHandle$Holder.invokeStatic(Ljava/lang/Object;Ljava/lang/Object;Ljava/lang/Object;Ljava/lang/Object;I)Ljava/lang/Object;> (0x00000000c5607f68) thrown at [./open/sr
Event: 16.433 Thread 0x000001bf14308800 Exception <a 'java/lang/reflect/InvocationTargetException'{0x00000000c5a169b0}> (0x00000000c5a169b0) thrown at [./open/src/hotspot/share/runtime/reflection.cpp, line 1242]

Events (10 events):
Event: 16.811 loading class javax/transaction/TransactionManager done
Event: 16.812 loading class org/springframework/transaction/TransactionManager
Event: 16.812 loading class org/springframework/transaction/TransactionManager done
Event: 16.812 loading class com/fasterxml/jackson/core/io/CharTypes
Event: 16.812 loading class com/fasterxml/jackson/core/io/CharTypes done
Event: 16.829 Executing VM operation: RevokeBias
Event: 16.830 Executing VM operation: RevokeBias done
Event: 16.830 loading class javax/jms/Message
Event: 16.830 loading class javax/jms/Message done
Event: 16.830 Executing VM operation: CollectForMetadataAllocation


Dynamic libraries:
0x00007ff7b1960000 - 0x00007ff7b196f000 	C:\Program Files\Java\jdk-11.0.14\bin\java.exe
0x00007ffeb8280000 - 0x00007ffeb8470000 	C:\Windows\SYSTEM32\ntdll.dll
0x00007ffeb7420000 - 0x00007ffeb74d2000 	C:\Windows\System32\KERNEL32.DLL
0x00007ffeb5e90000 - 0x00007ffeb6133000 	C:\Windows\System32\KERNELBASE.dll
0x00007ffeb5210000 - 0x00007ffeb530a000 	C:\Windows\System32\ucrtbase.dll
0x00007ffeacde0000 - 0x00007ffeacdf8000 	C:\Program Files\Java\jdk-11.0.14\bin\jli.dll
0x00007ffeacdc0000 - 0x00007ffeacdd5000 	C:\Program Files\Java\jdk-11.0.14\bin\VCRUNTIME140.dll
0x00007ffeb6660000 - 0x00007ffeb6703000 	C:\Windows\System32\ADVAPI32.dll
0x00007ffeb6a60000 - 0x00007ffeb6afe000 	C:\Windows\System32\msvcrt.dll
0x00007ffeb65c0000 - 0x00007ffeb6657000 	C:\Windows\System32\sechost.dll
0x00007ffeb64a0000 - 0x00007ffeb65c0000 	C:\Windows\System32\RPCRT4.dll
0x00007ffeb6860000 - 0x00007ffeb69f4000 	C:\Windows\System32\USER32.dll
0x00007ffeb6140000 - 0x00007ffeb6161000 	C:\Windows\System32\win32u.dll
0x00007ffeb7c90000 - 0x00007ffeb7cb6000 	C:\Windows\System32\GDI32.dll
0x00007ffe93d40000 - 0x00007ffe93fc5000 	C:\Windows\WinSxS\amd64_microsoft.windows.common-controls_6595b64144ccf1df_6.0.18362.476_none_e6c4b11b130f2595\COMCTL32.dll
0x00007ffeb5570000 - 0x00007ffeb5704000 	C:\Windows\System32\gdi32full.dll
0x00007ffeb76a0000 - 0x00007ffeb79d6000 	C:\Windows\System32\combase.dll
0x00007ffeb6170000 - 0x00007ffeb620e000 	C:\Windows\System32\msvcp_win.dll
0x00007ffeb54c0000 - 0x00007ffeb5540000 	C:\Windows\System32\bcryptPrimitives.dll
0x00007ffeaa9e0000 - 0x00007ffeaa9ea000 	C:\Windows\SYSTEM32\VERSION.dll
0x00007ffeb7310000 - 0x00007ffeb733e000 	C:\Windows\System32\IMM32.DLL
0x00007ffe90560000 - 0x00007ffe905fb000 	C:\Program Files\Java\jdk-11.0.14\bin\msvcp140.dll
0x00007ffe8e5a0000 - 0x00007ffe8f0b6000 	C:\Program Files\Java\jdk-11.0.14\bin\server\jvm.dll
0x00007ffeb7690000 - 0x00007ffeb7698000 	C:\Windows\System32\PSAPI.DLL
0x00007ffeafdf0000 - 0x00007ffeafe14000 	C:\Windows\SYSTEM32\WINMM.dll
0x00007ffe99b90000 - 0x00007ffe99b99000 	C:\Windows\SYSTEM32\WSOCK32.dll
0x00007ffeb7350000 - 0x00007ffeb73bf000 	C:\Windows\System32\WS2_32.dll
0x00007ffeafdc0000 - 0x00007ffeafded000 	C:\Windows\SYSTEM32\winmmbase.dll
0x00007ffeb62e0000 - 0x00007ffeb632a000 	C:\Windows\System32\cfgmgr32.dll
0x00007ffeb51f0000 - 0x00007ffeb5201000 	C:\Windows\System32\kernel.appcore.dll
0x00007ffeacdb0000 - 0x00007ffeacdc0000 	C:\Program Files\Java\jdk-11.0.14\bin\verify.dll
0x00007ffeb0a10000 - 0x00007ffeb0c04000 	C:\Windows\SYSTEM32\DBGHELP.DLL
0x00007ffe98fe0000 - 0x00007ffe9900a000 	C:\Windows\SYSTEM32\dbgcore.DLL
0x00007ffe99230000 - 0x00007ffe99258000 	C:\Program Files\Java\jdk-11.0.14\bin\java.dll
0x00007ffea7830000 - 0x00007ffea783a000 	C:\Program Files\Java\jdk-11.0.14\bin\jimage.dll
0x00007ffea0ed0000 - 0x00007ffea0ede000 	C:\Program Files\Java\jdk-11.0.14\bin\instrument.dll
0x00007ffea3180000 - 0x00007ffea3196000 	C:\Program Files\Java\jdk-11.0.14\bin\zip.dll
0x00007ffeb6c20000 - 0x00007ffeb7305000 	C:\Windows\System32\SHELL32.dll
0x00007ffeb6b00000 - 0x00007ffeb6ba9000 	C:\Windows\System32\shcore.dll
0x00007ffeb5710000 - 0x00007ffeb5e8e000 	C:\Windows\System32\windows.storage.dll
0x00007ffeb51d0000 - 0x00007ffeb51ef000 	C:\Windows\System32\profapi.dll
0x00007ffeb5180000 - 0x00007ffeb51ca000 	C:\Windows\System32\powrprof.dll
0x00007ffeb5150000 - 0x00007ffeb5160000 	C:\Windows\System32\UMPDC.dll
0x00007ffeb81e0000 - 0x00007ffeb8232000 	C:\Windows\System32\shlwapi.dll
0x00007ffeb6210000 - 0x00007ffeb6227000 	C:\Windows\System32\cryptsp.dll
0x00007ffea0670000 - 0x00007ffea0689000 	C:\Program Files\Java\jdk-11.0.14\bin\net.dll
0x00007ffea26f0000 - 0x00007ffea27e0000 	C:\Windows\SYSTEM32\WINHTTP.dll
0x00007ffeb4960000 - 0x00007ffeb49c7000 	C:\Windows\system32\mswsock.dll
0x00007ffe90540000 - 0x00007ffe90552000 	C:\Program Files\Java\jdk-11.0.14\bin\nio.dll
0x00007ffea0480000 - 0x00007ffea049a000 	C:\Program Files\JetBrains\IntelliJ IDEA 2020.1.1\bin\breakgen64.dll
0x00007ffeb46b0000 - 0x00007ffeb477a000 	C:\Windows\SYSTEM32\DNSAPI.dll
0x00007ffeb79e0000 - 0x00007ffeb79e8000 	C:\Windows\System32\NSI.dll
0x00007ffeb4670000 - 0x00007ffeb46aa000 	C:\Windows\SYSTEM32\IPHLPAPI.DLL
0x00007ffea2470000 - 0x00007ffea247a000 	C:\Windows\System32\rasadhlp.dll
0x00007ffea3be0000 - 0x00007ffea3c57000 	C:\Windows\System32\fwpuclnt.dll
0x00007ffeb5540000 - 0x00007ffeb5566000 	C:\Windows\System32\bcrypt.dll
0x00007ffea7820000 - 0x00007ffea7829000 	C:\Program Files\Java\jdk-11.0.14\bin\management.dll
0x00007ffea3520000 - 0x00007ffea352b000 	C:\Program Files\Java\jdk-11.0.14\bin\management_ext.dll
0x00007ffeb44d0000 - 0x00007ffeb4503000 	C:\Windows\system32\rsaenh.dll
0x00007ffeb5040000 - 0x00007ffeb5065000 	C:\Windows\SYSTEM32\USERENV.dll
0x00007ffeb4b30000 - 0x00007ffeb4b3c000 	C:\Windows\SYSTEM32\CRYPTBASE.dll
0x00007ffea4140000 - 0x00007ffea4156000 	C:\Windows\SYSTEM32\dhcpcsvc6.DLL
0x00007ffea4250000 - 0x00007ffea426c000 	C:\Windows\SYSTEM32\dhcpcsvc.DLL
0x00007ffe6dcc0000 - 0x00007ffe6dcd6000 	C:\Windows\system32\napinsp.dll
0x00007ffe6dca0000 - 0x00007ffe6dcba000 	C:\Windows\system32\pnrpnsp.dll
0x00007ffe80c90000 - 0x00007ffe80c9e000 	C:\Windows\System32\winrnr.dll
0x00007ffeae540000 - 0x00007ffeae55c000 	C:\Windows\system32\NLAapi.dll
0x00007ffeacfc0000 - 0x00007ffeacfd5000 	C:\Windows\system32\wshbth.dll

dbghelp: loaded successfully - version: 4.0.5 - missing functions: none
symbol engine: initialized successfully - sym options: 0x614 - pdb path: .;C:\Program Files\Java\jdk-11.0.14\bin;C:\Windows\SYSTEM32;C:\Windows\WinSxS\amd64_microsoft.windows.common-controls_6595b64144ccf1df_6.0.18362.476_none_e6c4b11b130f2595;C:\Program Files\Java\jdk-11.0.14\bin\server;C:\Program Files\JetBrains\IntelliJ IDEA 2020.1.1\bin

VM Arguments:
jvm_args: -XX:TieredStopAtLevel=1 -Xverify:none -Dspring.output.ansi.enabled=always -Dcom.sun.management.jmxremote -Dspring.jmx.enabled=true -Dspring.liveBeansView.mbeanDomain -Dspring.application.admin.enabled=true -javaagent:C:\Program Files\JetBrains\IntelliJ IDEA 2020.1.1\lib\idea_rt.jar=61537:C:\Program Files\JetBrains\IntelliJ IDEA 2020.1.1\bin -Dfile.encoding=UTF-8 
java_command: com.example.demo.DemoApplication
java_class_path (initial): C:\Users\Vismut Tesla\IdeaProjects\demo\build\classes\java\main;C:\Users\Vismut Tesla\IdeaProjects\demo\build\resources\main;C:\Users\Vismut Tesla\.gradle\caches\modules-2\files-2.1\org.projectlombok\lombok\1.18.22\9c08ea24c6eb714e2d6170e8122c069a0ba9aacf\lombok-1.18.22.jar;C:\Users\Vismut Tesla\.gradle\caches\modules-2\files-2.1\org.springframework.boot\spring-boot-starter-data-jpa\2.6.4\f12f4ceb6765c1ab892a6bc72dad5aaad670a87f\spring-boot-starter-data-jpa-2.6.4.jar;C:\Users\Vismut Tesla\.gradle\caches\modules-2\files-2.1\org.springframework.boot\spring-boot-starter-web\2.6.4\4aa74a41a8ff99e256433805b0ee63a6053d6b6c\spring-boot-starter-web-2.6.4.jar;C:\Users\Vismut Tesla\.gradle\caches\modules-2\files-2.1\org.springframework.boot\spring-boot-starter-validation\2.6.4\6fb780b99d1b895918918f30979d61f9212f424b\spring-boot-starter-validation-2.6.4.jar;C:\Users\Vismut Tesla\.gradle\caches\modules-2\files-2.1\org.springframework.boot\spring-boot-starter-aop\2.6.4\13e3695074a176ca4e22543b084943e5932b3b5f\spring-boot-starter-aop-2.6.4.jar;C:\Users\Vismut Tesla\.gradle\caches\modules-2\files-2.1\org.springframework.boot\spring-boot-starter-jdbc\2.6.4\19047bf41d1f01a3b5e82f90ac77dceefadda943\spring-boot-starter-jdbc-2.6.4.jar;C:\Users\Vismut Tesla\.gradle\caches\modules-2\files-2.1\jakarta.transaction\jakarta.transaction-api\1.3.3\c4179d48720a1e87202115fbed6089bdc4195405\jakarta.transaction-api-1.3.3.jar;C:\Users\Vismut Tesla\.gradle\caches\modules-2\files-2.1\jakarta.persistence\jakarta.persistence-api\2.2.3\8f6ea5daedc614f07a3654a455660145286f024e\jakarta.persistence-api-2.2.3.jar;C:\Users\Vismut Tesla\.gradle\caches\modules-2\files-2.1\org.hibernate\hibernate-core\5.6.5.Final\d5c41d9018d16ca6076726f0f037ba8a0ebc0cb4\hibernate-core-5.6.5.Final.jar;C:\Users\Vismut Tesla\.gradle\caches\modules-2\files-2.1\org.springframework.data\spring-data-jpa\2.6.2\aa7da518dee4b20433c7e055ef5f2cda584f412f\spring-data-jpa-2.6.2.jar;C:\Users\Vismut Tesla\.gradle\
Launcher Type: SUN_STANDARD

[Global flags]
     bool BytecodeVerificationLocal                = false                                     {product} {command line}
     bool BytecodeVerificationRemote               = false                                     {product} {command line}
     intx CICompilerCount                          = 3                                         {product} {ergonomic}
     uint ConcGCThreads                            = 1                                         {product} {ergonomic}
     uint G1ConcRefinementThreads                  = 4                                         {product} {ergonomic}
   size_t G1HeapRegionSize                         = 1048576                                   {product} {ergonomic}
    uintx GCDrainStackTargetSize                   = 64                                        {product} {ergonomic}
   size_t InitialHeapSize                          = 67108864                                  {product} {ergonomic}
     bool ManagementServer                         = true                                      {product} {command line}
   size_t MarkStackSize                            = 4194304                                   {product} {ergonomic}
   size_t MaxHeapSize                              = 1042284544                                {product} {ergonomic}
   size_t MaxNewSize                               = 624951296                                 {product} {ergonomic}
   size_t MinHeapDeltaBytes                        = 1048576                                   {product} {ergonomic}
    uintx NonNMethodCodeHeapSize                   = 6973028                                {pd product} {ergonomic}
    uintx NonProfiledCodeHeapSize                  = 244685212                              {pd product} {ergonomic}
    uintx ProfiledCodeHeapSize                     = 0                                      {pd product} {ergonomic}
    uintx ReservedCodeCacheSize                    = 251658240                              {pd product} {ergonomic}
     bool SegmentedCodeCache                       = true                                      {product} {ergonomic}
     intx TieredStopAtLevel                        = 1                                         {product} {command line}
     bool UseCompressedClassPointers               = true                                 {lp64_product} {ergonomic}
     bool UseCompressedOops                        = true                                 {lp64_product} {ergonomic}
     bool UseG1GC                                  = true                                      {product} {ergonomic}
     bool UseLargePagesIndividualAllocation        = false                                  {pd product} {ergonomic}

Logging:
Log output configuration:
 #0: stdout all=warning uptime,level,AAAATags
 #1: stderr all=off uptime,level,AAAATags

Environment Variables:
PATH=C:\Program Files\Common Files\Oracle\Java\javapath;C:\Windows\system32;C:\Windows;C:\Windows\System32\Wbem;C:\Windows\System32\WindowsPowerShell\v1.0\;C:\Windows\System32\OpenSSH\;C:\Program Files (x86)\QuickTime\QTSystem\;C:\Users\Vismut Tesla\AppData\Local\Microsoft\WindowsApps;
USERNAME=Vismut Tesla
OS=Windows_NT
PROCESSOR_IDENTIFIER=Intel64 Family 6 Model 142 Stepping 10, GenuineIntel



---------------  S Y S T E M  ---------------

OS: Windows 10 , 64 bit Build 18362 (10.0.18362.329)

CPU:total 4 (initial active 4) (2 cores per cpu, 2 threads per core) family 6 model 142 stepping 10 microcode 0x96, cmov, cx8, fxsr, mmx, sse, sse2, sse3, ssse3, sse4.1, sse4.2, popcnt, avx, avx2, aes, clmul, erms, 3dnowpref, lzcnt, ht, tsc, tscinvbit, bmi1, bmi2, adx, fma

Memory: 4k page, system-wide physical 3973M (333M free)
TotalPageFile size 6021M (AvailPageFile size 0M)
current process WorkingSet (physical memory assigned to process): 97M, peak: 97M
current process commit charge ("private bytes"): 161M, peak: 162M

vm_info: Java HotSpot(TM) 64-Bit Server VM (11.0.14+8-LTS-263) for windows-amd64 JRE (11.0.14+8-LTS-263), built on Dec  7 2021 21:53:57 by "mach5one" with MS VC++ 15.9 (VS2017)

END.
